Traceback (most recent call last):
  File "setup.py", line 1, in <module>
    from setuptools import setup
  File "/home/aiclub/.local/lib/python3.8/site-packages/setuptools/__init__.py", line 16, in <module>
    import setuptools.version
  File "/home/aiclub/.local/lib/python3.8/site-packages/setuptools/version.py", line 1, in <module>
    import pkg_resources
  File "/home/aiclub/.local/lib/python3.8/site-packages/pkg_resources/__init__.py", line 3243, in <module>
    def _initialize_master_working_set():
  File "/home/aiclub/.local/lib/python3.8/site-packages/pkg_resources/__init__.py", line 3226, in _call_aside
    f(*args, **kwargs)
  File "/home/aiclub/.local/lib/python3.8/site-packages/pkg_resources/__init__.py", line 3255, in _initialize_master_working_set
    working_set = WorkingSet._build_master()
  File "/home/aiclub/.local/lib/python3.8/site-packages/pkg_resources/__init__.py", line 559, in _build_master
    ws = cls()
  File "/home/aiclub/.local/lib/python3.8/site-packages/pkg_resources/__init__.py", line 552, in __init__
    self.add_entry(entry)
  File "/home/aiclub/.local/lib/python3.8/site-packages/pkg_resources/__init__.py", line 608, in add_entry
    for dist in find_distributions(entry, True):
  File "/home/aiclub/.local/lib/python3.8/site-packages/pkg_resources/__init__.py", line 2059, in find_on_path
    path_item_entries = _by_version_descending(filtered)
  File "/home/aiclub/.local/lib/python3.8/site-packages/pkg_resources/__init__.py", line 2029, in _by_version_descending
    return sorted(names, key=_by_version, reverse=True)
  File "/home/aiclub/.local/lib/python3.8/site-packages/pkg_resources/_vendor/packaging/version.py", line 84, in __eq__
    return self._compare(other, lambda s, o: s == o)
KeyboardInterrupt
