[5.352s] Invoking command in '/home/aiclub/Desktop/TEL_Robot/src/joystick_sub': PYTHONPATH=/home/aiclub/Desktop/TEL_Robot/build/joystick_sub/prefix_override:/home/aiclub/Desktop/TEL_Robot/install/joystick_sub/lib/python3.8/site-packages:${PYTHONPATH} /usr/bin/python3 setup.py egg_info --egg-base ../../build/joystick_sub build --build-base /home/aiclub/Desktop/TEL_Robot/build/joystick_sub/build install --record /home/aiclub/Desktop/TEL_Robot/build/joystick_sub/install.log --single-version-externally-managed
[6.672s] running egg_info
[6.706s] writing manifest file '../../build/joystick_sub/joystick_sub.egg-info/SOURCES.txt'
[6.707s] running build
[6.707s] running build_py
[6.708s] copying joystick_sub/joystick_sub.py -> /home/aiclub/Desktop/TEL_Robot/build/joystick_sub/build/lib/joystick_sub
[6.708s] running install
[6.712s] running install_lib
[6.717s] byte-compiling /home/aiclub/Desktop/TEL_Robot/install/joystick_sub/lib/python3.8/site-packages/joystick_sub/joystick_sub.py to joystick_sub.cpython-38.pyc
[6.720s]   File "/home/aiclub/Desktop/TEL_Robot/install/joystick_sub/lib/python3.8/site-packages/joystick_sub/joystick_sub.py", line 97
[6.721s]     else if control_matrix_data[i] < -1:
[6.721s]          ^
[6.721s] SyntaxError: invalid syntax
[6.722s] 
[6.722s] running install_data
[6.723s] running install_egg_info
[6.731s] removing '/home/aiclub/Desktop/TEL_Robot/install/joystick_sub/lib/python3.8/site-packages/joystick_sub-0.0.0-py3.8.egg-info' (and everything under it)
[6.733s] Copying ../../build/joystick_sub/joystick_sub.egg-info to /home/aiclub/Desktop/TEL_Robot/install/joystick_sub/lib/python3.8/site-packages/joystick_sub-0.0.0-py3.8.egg-info
[6.738s] running install_scripts
[6.820s] writing list of installed files to '/home/aiclub/Desktop/TEL_Robot/build/joystick_sub/install.log'
[6.915s] Invoked command in '/home/aiclub/Desktop/TEL_Robot/src/joystick_sub' returned '0': PYTHONPATH=/home/aiclub/Desktop/TEL_Robot/build/joystick_sub/prefix_override:/home/aiclub/Desktop/TEL_Robot/install/joystick_sub/lib/python3.8/site-packages:${PYTHONPATH} /usr/bin/python3 setup.py egg_info --egg-base ../../build/joystick_sub build --build-base /home/aiclub/Desktop/TEL_Robot/build/joystick_sub/build install --record /home/aiclub/Desktop/TEL_Robot/build/joystick_sub/install.log --single-version-externally-managed
