[1.474s] [34mcolcon[0m [1;30mDEBUG[0m [32mCommand line arguments: ['/usr/bin/colcon', 'build'][0m
[1.475s] [34mcolcon[0m [1;30mDEBUG[0m [32mParsed command line arguments: Namespace(allow_overriding=[], ament_cmake_args=None, base_paths=['.'], build_base='build', catkin_cmake_args=None, catkin_skip_building_tests=False, cmake_args=None, cmake_clean_cache=False, cmake_clean_first=False, cmake_force_configure=False, cmake_target=None, cmake_target_skip_unavailable=False, continue_on_error=False, event_handlers=None, executor='parallel', ignore_user_meta=False, install_base='install', log_base=None, log_level=None, main=<bound method BuildVerb.main of <colcon_core.verb.build.BuildVerb object at 0xffff9400c130>>, merge_install=False, metas=['./colcon.meta'], packages_above=None, packages_above_and_dependencies=None, packages_above_depth=None, packages_end=None, packages_ignore=None, packages_ignore_regex=None, packages_select=None, packages_select_build_failed=False, packages_select_by_dep=None, packages_select_regex=None, packages_select_test_failures=False, packages_skip=None, packages_skip_build_finished=False, packages_skip_by_dep=None, packages_skip_regex=None, packages_skip_test_passed=False, packages_skip_up_to=None, packages_start=None, packages_up_to=None, packages_up_to_regex=None, parallel_workers=6, paths=None, symlink_install=False, test_result_base=None, verb_extension=<colcon_core.verb.build.BuildVerb object at 0xffff9400c130>, verb_name='build', verb_parser=<colcon_defaults.argument_parser.defaults.DefaultArgumentsDecorator object at 0xffff9400c5e0>)[0m
[1.556s] [34mcolcon.colcon_core.package_discovery[0m [1;30mLevel 1[0m discover_packages(colcon_meta) check parameters
[1.557s] [34mcolcon.colcon_core.package_discovery[0m [1;30mLevel 1[0m discover_packages(recursive) check parameters
[1.557s] [34mcolcon.colcon_core.package_discovery[0m [1;30mLevel 1[0m discover_packages(ignore) check parameters
[1.557s] [34mcolcon.colcon_core.package_discovery[0m [1;30mLevel 1[0m discover_packages(path) check parameters
[1.557s] [34mcolcon.colcon_core.package_discovery[0m [1;30mLevel 1[0m discover_packages(colcon_meta) discover
[1.558s] [34mcolcon.colcon_core.package_discovery[0m [1;30mLevel 1[0m discover_packages(recursive) discover
[1.558s] [34mcolcon.colcon_core.package_discovery[0m [1;30mINFO[0m Crawling recursively for packages in '/home/aiclub/Desktop/TEL_Robot'
[1.559s] [34mcolcon.colcon_core.package_identification[0m [1;30mLevel 1[0m _identify(.) by extensions ['ignore', 'ignore_ament_install']
[1.559s] [34mcolcon.colcon_core.package_identification[0m [1;30mLevel 1[0m _identify(.) by extension 'ignore'
[1.560s] [34mcolcon.colcon_core.package_identification[0m [1;30mLevel 1[0m _identify(.) by extension 'ignore_ament_install'
[1.560s] [34mcolcon.colcon_core.package_identification[0m [1;30mLevel 1[0m _identify(.) by extensions ['colcon_pkg']
[1.560s] [34mcolcon.colcon_core.package_identification[0m [1;30mLevel 1[0m _identify(.) by extension 'colcon_pkg'
[1.560s] [34mcolcon.colcon_core.package_identification[0m [1;30mLevel 1[0m _identify(.) by extensions ['colcon_meta']
[1.561s] [34mcolcon.colcon_core.package_identification[0m [1;30mLevel 1[0m _identify(.) by extension 'colcon_meta'
[1.561s] [34mcolcon.colcon_core.package_identification[0m [1;30mLevel 1[0m _identify(.) by extensions ['ros']
[1.561s] [34mcolcon.colcon_core.package_identification[0m [1;30mLevel 1[0m _identify(.) by extension 'ros'
[1.618s] [34mcolcon.colcon_core.package_identification[0m [1;30mLevel 1[0m _identify(.) by extensions ['cmake', 'python']
[1.618s] [34mcolcon.colcon_core.package_identification[0m [1;30mLevel 1[0m _identify(.) by extension 'cmake'
[1.619s] [34mcolcon.colcon_core.package_identification[0m [1;30mLevel 1[0m _identify(.) by extension 'python'
[1.619s] [34mcolcon.colcon_core.package_identification[0m [1;30mLevel 1[0m _identify(.) by extensions ['python_setup_py']
[1.619s] [34mcolcon.colcon_core.package_identification[0m [1;30mLevel 1[0m _identify(.) by extension 'python_setup_py'
[1.620s] [34mcolcon.colcon_core.package_identification[0m [1;30mLevel 1[0m _identify(build) by extensions ['ignore', 'ignore_ament_install']
[1.620s] [34mcolcon.colcon_core.package_identification[0m [1;30mLevel 1[0m _identify(build) by extension 'ignore'
[1.621s] [34mcolcon.colcon_core.package_identification[0m [1;30mLevel 1[0m _identify(build) ignored
[1.621s] [34mcolcon.colcon_core.package_identification[0m [1;30mLevel 1[0m _identify(install) by extensions ['ignore', 'ignore_ament_install']
[1.622s] [34mcolcon.colcon_core.package_identification[0m [1;30mLevel 1[0m _identify(install) by extension 'ignore'
[1.622s] [34mcolcon.colcon_core.package_identification[0m [1;30mLevel 1[0m _identify(install) ignored
[1.622s] [34mcolcon.colcon_core.package_identification[0m [1;30mLevel 1[0m _identify(log) by extensions ['ignore', 'ignore_ament_install']
[1.623s] [34mcolcon.colcon_core.package_identification[0m [1;30mLevel 1[0m _identify(log) by extension 'ignore'
[1.623s] [34mcolcon.colcon_core.package_identification[0m [1;30mLevel 1[0m _identify(log) ignored
[1.623s] [34mcolcon.colcon_core.package_identification[0m [1;30mLevel 1[0m _identify(src) by extensions ['ignore', 'ignore_ament_install']
[1.624s] [34mcolcon.colcon_core.package_identification[0m [1;30mLevel 1[0m _identify(src) by extension 'ignore'
[1.624s] [34mcolcon.colcon_core.package_identification[0m [1;30mLevel 1[0m _identify(src) by extension 'ignore_ament_install'
[1.624s] [34mcolcon.colcon_core.package_identification[0m [1;30mLevel 1[0m _identify(src) by extensions ['colcon_pkg']
[1.625s] [34mcolcon.colcon_core.package_identification[0m [1;30mLevel 1[0m _identify(src) by extension 'colcon_pkg'
[1.625s] [34mcolcon.colcon_core.package_identification[0m [1;30mLevel 1[0m _identify(src) by extensions ['colcon_meta']
[1.625s] [34mcolcon.colcon_core.package_identification[0m [1;30mLevel 1[0m _identify(src) by extension 'colcon_meta'
[1.625s] [34mcolcon.colcon_core.package_identification[0m [1;30mLevel 1[0m _identify(src) by extensions ['ros']
[1.625s] [34mcolcon.colcon_core.package_identification[0m [1;30mLevel 1[0m _identify(src) by extension 'ros'
[1.626s] [34mcolcon.colcon_core.package_identification[0m [1;30mLevel 1[0m _identify(src) by extensions ['cmake', 'python']
[1.626s] [34mcolcon.colcon_core.package_identification[0m [1;30mLevel 1[0m _identify(src) by extension 'cmake'
[1.626s] [34mcolcon.colcon_core.package_identification[0m [1;30mLevel 1[0m _identify(src) by extension 'python'
[1.626s] [34mcolcon.colcon_core.package_identification[0m [1;30mLevel 1[0m _identify(src) by extensions ['python_setup_py']
[1.627s] [34mcolcon.colcon_core.package_identification[0m [1;30mLevel 1[0m _identify(src) by extension 'python_setup_py'
[1.627s] [34mcolcon.colcon_core.package_identification[0m [1;30mLevel 1[0m _identify(src/joystick_pub) by extensions ['ignore', 'ignore_ament_install']
[1.628s] [34mcolcon.colcon_core.package_identification[0m [1;30mLevel 1[0m _identify(src/joystick_pub) by extension 'ignore'
[1.628s] [34mcolcon.colcon_core.package_identification[0m [1;30mLevel 1[0m _identify(src/joystick_pub) by extension 'ignore_ament_install'
[1.628s] [34mcolcon.colcon_core.package_identification[0m [1;30mLevel 1[0m _identify(src/joystick_pub) by extensions ['colcon_pkg']
[1.628s] [34mcolcon.colcon_core.package_identification[0m [1;30mLevel 1[0m _identify(src/joystick_pub) by extension 'colcon_pkg'
[1.629s] [34mcolcon.colcon_core.package_identification[0m [1;30mLevel 1[0m _identify(src/joystick_pub) by extensions ['colcon_meta']
[1.629s] [34mcolcon.colcon_core.package_identification[0m [1;30mLevel 1[0m _identify(src/joystick_pub) by extension 'colcon_meta'
[1.629s] [34mcolcon.colcon_core.package_identification[0m [1;30mLevel 1[0m _identify(src/joystick_pub) by extensions ['ros']
[1.629s] [34mcolcon.colcon_core.package_identification[0m [1;30mLevel 1[0m _identify(src/joystick_pub) by extension 'ros'
[1.640s] [34mcolcon.colcon_core.package_identification[0m [1;30mDEBUG[0m [32mPackage 'src/joystick_pub' with type 'ros.ament_python' and name 'joystick_pub'[0m
[1.641s] [34mcolcon.colcon_core.package_identification[0m [1;30mLevel 1[0m _identify(src/joystick_sub) by extensions ['ignore', 'ignore_ament_install']
[1.641s] [34mcolcon.colcon_core.package_identification[0m [1;30mLevel 1[0m _identify(src/joystick_sub) by extension 'ignore'
[1.642s] [34mcolcon.colcon_core.package_identification[0m [1;30mLevel 1[0m _identify(src/joystick_sub) by extension 'ignore_ament_install'
[1.642s] [34mcolcon.colcon_core.package_identification[0m [1;30mLevel 1[0m _identify(src/joystick_sub) by extensions ['colcon_pkg']
[1.642s] [34mcolcon.colcon_core.package_identification[0m [1;30mLevel 1[0m _identify(src/joystick_sub) by extension 'colcon_pkg'
[1.643s] [34mcolcon.colcon_core.package_identification[0m [1;30mLevel 1[0m _identify(src/joystick_sub) by extensions ['colcon_meta']
[1.643s] [34mcolcon.colcon_core.package_identification[0m [1;30mLevel 1[0m _identify(src/joystick_sub) by extension 'colcon_meta'
[1.643s] [34mcolcon.colcon_core.package_identification[0m [1;30mLevel 1[0m _identify(src/joystick_sub) by extensions ['ros']
[1.643s] [34mcolcon.colcon_core.package_identification[0m [1;30mLevel 1[0m _identify(src/joystick_sub) by extension 'ros'
[1.645s] [34mcolcon.colcon_core.package_identification[0m [1;30mDEBUG[0m [32mPackage 'src/joystick_sub' with type 'ros.ament_python' and name 'joystick_sub'[0m
[1.646s] [34mcolcon.colcon_core.package_discovery[0m [1;30mLevel 1[0m discover_packages(recursive) using defaults
[1.646s] [34mcolcon.colcon_core.package_discovery[0m [1;30mLevel 1[0m discover_packages(ignore) discover
[1.646s] [34mcolcon.colcon_core.package_discovery[0m [1;30mLevel 1[0m discover_packages(ignore) using defaults
[1.646s] [34mcolcon.colcon_core.package_discovery[0m [1;30mLevel 1[0m discover_packages(path) discover
[1.647s] [34mcolcon.colcon_core.package_discovery[0m [1;30mLevel 1[0m discover_packages(path) using defaults
[1.755s] [34mcolcon.colcon_core.package_discovery[0m [1;30mLevel 1[0m discover_packages(prefix_path) check parameters
[1.755s] [34mcolcon.colcon_core.package_discovery[0m [1;30mLevel 1[0m discover_packages(prefix_path) discover
[1.766s] [34mcolcon.colcon_installed_package_information.package_discovery[0m [1;30mDEBUG[0m [32mFound 2 installed packages in /home/aiclub/Desktop/TEL_Robot/install[0m
[1.769s] [34mcolcon.colcon_installed_package_information.package_discovery[0m [1;30mDEBUG[0m [32mFound 1 installed packages in /home/aiclub/Desktop/ros2_ws/install[0m
[1.778s] [34mcolcon.colcon_installed_package_information.package_discovery[0m [1;30mDEBUG[0m [32mFound 279 installed packages in /opt/ros/foxy[0m
[1.787s] [34mcolcon.colcon_core.package_discovery[0m [1;30mLevel 1[0m discover_packages(prefix_path) using defaults
[2.145s] [34mcolcon.colcon_core.verb[0m [1;30mLevel 5[0m set package 'joystick_pub' build argument 'cmake_args' from command line to 'None'
[2.146s] [34mcolcon.colcon_core.verb[0m [1;30mLevel 5[0m set package 'joystick_pub' build argument 'cmake_target' from command line to 'None'
[2.146s] [34mcolcon.colcon_core.verb[0m [1;30mLevel 5[0m set package 'joystick_pub' build argument 'cmake_target_skip_unavailable' from command line to 'False'
[2.146s] [34mcolcon.colcon_core.verb[0m [1;30mLevel 5[0m set package 'joystick_pub' build argument 'cmake_clean_cache' from command line to 'False'
[2.146s] [34mcolcon.colcon_core.verb[0m [1;30mLevel 5[0m set package 'joystick_pub' build argument 'cmake_clean_first' from command line to 'False'
[2.146s] [34mcolcon.colcon_core.verb[0m [1;30mLevel 5[0m set package 'joystick_pub' build argument 'cmake_force_configure' from command line to 'False'
[2.147s] [34mcolcon.colcon_core.verb[0m [1;30mLevel 5[0m set package 'joystick_pub' build argument 'ament_cmake_args' from command line to 'None'
[2.147s] [34mcolcon.colcon_core.verb[0m [1;30mLevel 5[0m set package 'joystick_pub' build argument 'catkin_cmake_args' from command line to 'None'
[2.147s] [34mcolcon.colcon_core.verb[0m [1;30mLevel 5[0m set package 'joystick_pub' build argument 'catkin_skip_building_tests' from command line to 'False'
[2.147s] [34mcolcon.colcon_core.verb[0m [1;30mDEBUG[0m [32mBuilding package 'joystick_pub' with the following arguments: {'ament_cmake_args': None, 'build_base': '/home/aiclub/Desktop/TEL_Robot/build/joystick_pub', 'catkin_cmake_args': None, 'catkin_skip_building_tests': False, 'cmake_args': None, 'cmake_clean_cache': False, 'cmake_clean_first': False, 'cmake_force_configure': False, 'cmake_target': None, 'cmake_target_skip_unavailable': False, 'install_base': '/home/aiclub/Desktop/TEL_Robot/install/joystick_pub', 'merge_install': False, 'path': '/home/aiclub/Desktop/TEL_Robot/src/joystick_pub', 'symlink_install': False, 'test_result_base': None}[0m
[2.150s] [34mcolcon.colcon_core.verb[0m [1;30mLevel 5[0m set package 'joystick_sub' build argument 'cmake_args' from command line to 'None'
[2.150s] [34mcolcon.colcon_core.verb[0m [1;30mLevel 5[0m set package 'joystick_sub' build argument 'cmake_target' from command line to 'None'
[2.150s] [34mcolcon.colcon_core.verb[0m [1;30mLevel 5[0m set package 'joystick_sub' build argument 'cmake_target_skip_unavailable' from command line to 'False'
[2.151s] [34mcolcon.colcon_core.verb[0m [1;30mLevel 5[0m set package 'joystick_sub' build argument 'cmake_clean_cache' from command line to 'False'
[2.151s] [34mcolcon.colcon_core.verb[0m [1;30mLevel 5[0m set package 'joystick_sub' build argument 'cmake_clean_first' from command line to 'False'
[2.151s] [34mcolcon.colcon_core.verb[0m [1;30mLevel 5[0m set package 'joystick_sub' build argument 'cmake_force_configure' from command line to 'False'
[2.151s] [34mcolcon.colcon_core.verb[0m [1;30mLevel 5[0m set package 'joystick_sub' build argument 'ament_cmake_args' from command line to 'None'
[2.151s] [34mcolcon.colcon_core.verb[0m [1;30mLevel 5[0m set package 'joystick_sub' build argument 'catkin_cmake_args' from command line to 'None'
[2.151s] [34mcolcon.colcon_core.verb[0m [1;30mLevel 5[0m set package 'joystick_sub' build argument 'catkin_skip_building_tests' from command line to 'False'
[2.152s] [34mcolcon.colcon_core.verb[0m [1;30mDEBUG[0m [32mBuilding package 'joystick_sub' with the following arguments: {'ament_cmake_args': None, 'build_base': '/home/aiclub/Desktop/TEL_Robot/build/joystick_sub', 'catkin_cmake_args': None, 'catkin_skip_building_tests': False, 'cmake_args': None, 'cmake_clean_cache': False, 'cmake_clean_first': False, 'cmake_force_configure': False, 'cmake_target': None, 'cmake_target_skip_unavailable': False, 'install_base': '/home/aiclub/Desktop/TEL_Robot/install/joystick_sub', 'merge_install': False, 'path': '/home/aiclub/Desktop/TEL_Robot/src/joystick_sub', 'symlink_install': False, 'test_result_base': None}[0m
[2.153s] [34mcolcon.colcon_core.executor[0m [1;30mINFO[0m Executing jobs using 'parallel' executor
[2.158s] [34mcolcon.colcon_parallel_executor.executor.parallel[0m [1;30mDEBUG[0m [32mrun_until_complete[0m
[2.159s] [34mcolcon.colcon_ros.task.ament_python.build[0m [1;30mINFO[0m Building ROS package in '/home/aiclub/Desktop/TEL_Robot/src/joystick_pub' with build type 'ament_python'
[2.160s] [34mcolcon.colcon_core.shell[0m [1;30mLevel 1[0m create_environment_hook('joystick_pub', 'ament_prefix_path')
[2.171s] [34mcolcon.colcon_core.plugin_system[0m [1;30mINFO[0m Skipping extension 'colcon_core.shell.bat': Not used on non-Windows systems
[2.172s] [34mcolcon.colcon_core.shell[0m [1;30mINFO[0m Creating environment hook '/home/aiclub/Desktop/TEL_Robot/install/joystick_pub/share/joystick_pub/hook/ament_prefix_path.ps1'
[2.175s] [34mcolcon.colcon_core.shell[0m [1;30mINFO[0m Creating environment descriptor '/home/aiclub/Desktop/TEL_Robot/install/joystick_pub/share/joystick_pub/hook/ament_prefix_path.dsv'
[2.184s] [34mcolcon.colcon_core.shell[0m [1;30mINFO[0m Creating environment hook '/home/aiclub/Desktop/TEL_Robot/install/joystick_pub/share/joystick_pub/hook/ament_prefix_path.sh'
[2.190s] [34mcolcon.colcon_core.shell[0m [1;30mINFO[0m Skip shell extension 'powershell' for command environment: Not usable outside of PowerShell
[2.191s] [34mcolcon.colcon_core.shell[0m [1;30mDEBUG[0m [32mSkip shell extension 'dsv' for command environment[0m
[2.222s] [34mcolcon.colcon_ros.task.ament_python.build[0m [1;30mINFO[0m Building ROS package in '/home/aiclub/Desktop/TEL_Robot/src/joystick_sub' with build type 'ament_python'
[2.226s] [34mcolcon.colcon_core.shell[0m [1;30mLevel 1[0m create_environment_hook('joystick_sub', 'ament_prefix_path')
[2.236s] [34mcolcon.colcon_core.shell[0m [1;30mINFO[0m Creating environment hook '/home/aiclub/Desktop/TEL_Robot/install/joystick_sub/share/joystick_sub/hook/ament_prefix_path.ps1'
[2.241s] [34mcolcon.colcon_core.shell[0m [1;30mINFO[0m Creating environment descriptor '/home/aiclub/Desktop/TEL_Robot/install/joystick_sub/share/joystick_sub/hook/ament_prefix_path.dsv'
[2.243s] [34mcolcon.colcon_core.shell[0m [1;30mINFO[0m Creating environment hook '/home/aiclub/Desktop/TEL_Robot/install/joystick_sub/share/joystick_sub/hook/ament_prefix_path.sh'
[2.247s] [34mcolcon.colcon_core.shell[0m [1;30mINFO[0m Skip shell extension 'powershell' for command environment: Not usable outside of PowerShell
[2.247s] [34mcolcon.colcon_core.shell[0m [1;30mDEBUG[0m [32mSkip shell extension 'dsv' for command environment[0m
[3.696s] [34mcolcon.colcon_core.task.python.build[0m [1;30mINFO[0m Building Python package in '/home/aiclub/Desktop/TEL_Robot/src/joystick_pub'
[3.704s] [34mcolcon.colcon_core.shell[0m [1;30mINFO[0m Skip shell extension 'powershell' for command environment: Not usable outside of PowerShell
[3.704s] [34mcolcon.colcon_core.shell[0m [1;30mDEBUG[0m [32mSkip shell extension 'dsv' for command environment[0m
[5.145s] [34mcolcon.colcon_core.task.python.build[0m [1;30mINFO[0m Building Python package in '/home/aiclub/Desktop/TEL_Robot/src/joystick_sub'
[5.151s] [34mcolcon.colcon_core.shell[0m [1;30mINFO[0m Skip shell extension 'powershell' for command environment: Not usable outside of PowerShell
[5.152s] [34mcolcon.colcon_core.shell[0m [1;30mDEBUG[0m [32mSkip shell extension 'dsv' for command environment[0m
[7.360s] [34mcolcon.colcon_core.event_handler.log_command[0m [1;30mDEBUG[0m [32mInvoking command in '/home/aiclub/Desktop/TEL_Robot/src/joystick_pub': PYTHONPATH=/home/aiclub/Desktop/TEL_Robot/build/joystick_pub/prefix_override:/home/aiclub/Desktop/TEL_Robot/install/joystick_pub/lib/python3.8/site-packages:${PYTHONPATH} /usr/bin/python3 setup.py egg_info --egg-base ../../build/joystick_pub build --build-base /home/aiclub/Desktop/TEL_Robot/build/joystick_pub/build install --record /home/aiclub/Desktop/TEL_Robot/build/joystick_pub/install.log --single-version-externally-managed[0m
[7.391s] [34mcolcon.colcon_core.event_handler.log_command[0m [1;30mDEBUG[0m [32mInvoking command in '/home/aiclub/Desktop/TEL_Robot/src/joystick_sub': PYTHONPATH=/home/aiclub/Desktop/TEL_Robot/build/joystick_sub/prefix_override:/home/aiclub/Desktop/TEL_Robot/install/joystick_sub/lib/python3.8/site-packages:${PYTHONPATH} /usr/bin/python3 setup.py egg_info --egg-base ../../build/joystick_sub build --build-base /home/aiclub/Desktop/TEL_Robot/build/joystick_sub/build install --record /home/aiclub/Desktop/TEL_Robot/build/joystick_sub/install.log --single-version-externally-managed[0m
[8.965s] [34mcolcon.colcon_core.event_handler.log_command[0m [1;30mDEBUG[0m [32mInvoked command in '/home/aiclub/Desktop/TEL_Robot/src/joystick_pub' returned '0': PYTHONPATH=/home/aiclub/Desktop/TEL_Robot/build/joystick_pub/prefix_override:/home/aiclub/Desktop/TEL_Robot/install/joystick_pub/lib/python3.8/site-packages:${PYTHONPATH} /usr/bin/python3 setup.py egg_info --egg-base ../../build/joystick_pub build --build-base /home/aiclub/Desktop/TEL_Robot/build/joystick_pub/build install --record /home/aiclub/Desktop/TEL_Robot/build/joystick_pub/install.log --single-version-externally-managed[0m
[8.989s] [34mcolcon.colcon_core.environment[0m [1;30mLevel 1[0m checking '/home/aiclub/Desktop/TEL_Robot/install/joystick_pub' for CMake module files
[8.993s] [34mcolcon.colcon_core.environment[0m [1;30mLevel 1[0m checking '/home/aiclub/Desktop/TEL_Robot/install/joystick_pub' for CMake config files
[8.999s] [34mcolcon.colcon_core.environment[0m [1;30mLevel 1[0m checking '/home/aiclub/Desktop/TEL_Robot/install/joystick_pub/lib'
[9.001s] [34mcolcon.colcon_core.environment[0m [1;30mLevel 1[0m checking '/home/aiclub/Desktop/TEL_Robot/install/joystick_pub/bin'
[9.001s] [34mcolcon.colcon_core.environment[0m [1;30mLevel 1[0m checking '/home/aiclub/Desktop/TEL_Robot/install/joystick_pub/lib/pkgconfig/joystick_pub.pc'
[9.003s] [34mcolcon.colcon_core.environment[0m [1;30mLevel 1[0m checking '/home/aiclub/Desktop/TEL_Robot/install/joystick_pub/lib/python3.8/site-packages'
[9.003s] [34mcolcon.colcon_core.shell[0m [1;30mLevel 1[0m create_environment_hook('joystick_pub', 'pythonpath')
[9.006s] [34mcolcon.colcon_core.shell[0m [1;30mINFO[0m Creating environment hook '/home/aiclub/Desktop/TEL_Robot/install/joystick_pub/share/joystick_pub/hook/pythonpath.ps1'
[9.009s] [34mcolcon.colcon_core.shell[0m [1;30mINFO[0m Creating environment descriptor '/home/aiclub/Desktop/TEL_Robot/install/joystick_pub/share/joystick_pub/hook/pythonpath.dsv'
[9.015s] [34mcolcon.colcon_core.shell[0m [1;30mINFO[0m Creating environment hook '/home/aiclub/Desktop/TEL_Robot/install/joystick_pub/share/joystick_pub/hook/pythonpath.sh'
[9.018s] [34mcolcon.colcon_core.environment[0m [1;30mLevel 1[0m checking '/home/aiclub/Desktop/TEL_Robot/install/joystick_pub/bin'
[9.019s] [34mcolcon.colcon_core.environment[0m [1;30mLevel 1[0m create_environment_scripts_only(joystick_pub)
[9.021s] [34mcolcon.colcon_core.shell[0m [1;30mINFO[0m Creating package script '/home/aiclub/Desktop/TEL_Robot/install/joystick_pub/share/joystick_pub/package.ps1'
[9.026s] [34mcolcon.colcon_core.shell[0m [1;30mINFO[0m Creating package descriptor '/home/aiclub/Desktop/TEL_Robot/install/joystick_pub/share/joystick_pub/package.dsv'
[9.029s] [34mcolcon.colcon_core.shell[0m [1;30mINFO[0m Creating package script '/home/aiclub/Desktop/TEL_Robot/install/joystick_pub/share/joystick_pub/package.sh'
[9.033s] [34mcolcon.colcon_core.shell[0m [1;30mINFO[0m Creating package script '/home/aiclub/Desktop/TEL_Robot/install/joystick_pub/share/joystick_pub/package.bash'
[9.037s] [34mcolcon.colcon_core.shell[0m [1;30mINFO[0m Creating package script '/home/aiclub/Desktop/TEL_Robot/install/joystick_pub/share/joystick_pub/package.zsh'
[9.041s] [34mcolcon.colcon_core.environment[0m [1;30mLevel 1[0m create_file_with_runtime_dependencies(/home/aiclub/Desktop/TEL_Robot/install/joystick_pub/share/colcon-core/packages/joystick_pub)
[9.089s] [34mcolcon.colcon_core.environment[0m [1;30mLevel 1[0m checking '/home/aiclub/Desktop/TEL_Robot/install/joystick_sub' for CMake module files
[9.092s] [34mcolcon.colcon_core.event_handler.log_command[0m [1;30mDEBUG[0m [32mInvoked command in '/home/aiclub/Desktop/TEL_Robot/src/joystick_sub' returned '0': PYTHONPATH=/home/aiclub/Desktop/TEL_Robot/build/joystick_sub/prefix_override:/home/aiclub/Desktop/TEL_Robot/install/joystick_sub/lib/python3.8/site-packages:${PYTHONPATH} /usr/bin/python3 setup.py egg_info --egg-base ../../build/joystick_sub build --build-base /home/aiclub/Desktop/TEL_Robot/build/joystick_sub/build install --record /home/aiclub/Desktop/TEL_Robot/build/joystick_sub/install.log --single-version-externally-managed[0m
[9.094s] [34mcolcon.colcon_core.environment[0m [1;30mLevel 1[0m checking '/home/aiclub/Desktop/TEL_Robot/install/joystick_sub' for CMake config files
[9.097s] [34mcolcon.colcon_core.environment[0m [1;30mLevel 1[0m checking '/home/aiclub/Desktop/TEL_Robot/install/joystick_sub/lib'
[9.098s] [34mcolcon.colcon_core.environment[0m [1;30mLevel 1[0m checking '/home/aiclub/Desktop/TEL_Robot/install/joystick_sub/bin'
[9.098s] [34mcolcon.colcon_core.environment[0m [1;30mLevel 1[0m checking '/home/aiclub/Desktop/TEL_Robot/install/joystick_sub/lib/pkgconfig/joystick_sub.pc'
[9.099s] [34mcolcon.colcon_core.environment[0m [1;30mLevel 1[0m checking '/home/aiclub/Desktop/TEL_Robot/install/joystick_sub/lib/python3.8/site-packages'
[9.099s] [34mcolcon.colcon_core.shell[0m [1;30mLevel 1[0m create_environment_hook('joystick_sub', 'pythonpath')
[9.101s] [34mcolcon.colcon_core.shell[0m [1;30mINFO[0m Creating environment hook '/home/aiclub/Desktop/TEL_Robot/install/joystick_sub/share/joystick_sub/hook/pythonpath.ps1'
[9.103s] [34mcolcon.colcon_core.shell[0m [1;30mINFO[0m Creating environment descriptor '/home/aiclub/Desktop/TEL_Robot/install/joystick_sub/share/joystick_sub/hook/pythonpath.dsv'
[9.105s] [34mcolcon.colcon_core.shell[0m [1;30mINFO[0m Creating environment hook '/home/aiclub/Desktop/TEL_Robot/install/joystick_sub/share/joystick_sub/hook/pythonpath.sh'
[9.107s] [34mcolcon.colcon_core.environment[0m [1;30mLevel 1[0m checking '/home/aiclub/Desktop/TEL_Robot/install/joystick_sub/bin'
[9.107s] [34mcolcon.colcon_core.environment[0m [1;30mLevel 1[0m create_environment_scripts_only(joystick_sub)
[9.110s] [34mcolcon.colcon_core.shell[0m [1;30mINFO[0m Creating package script '/home/aiclub/Desktop/TEL_Robot/install/joystick_sub/share/joystick_sub/package.ps1'
[9.113s] [34mcolcon.colcon_core.shell[0m [1;30mINFO[0m Creating package descriptor '/home/aiclub/Desktop/TEL_Robot/install/joystick_sub/share/joystick_sub/package.dsv'
[9.115s] [34mcolcon.colcon_core.shell[0m [1;30mINFO[0m Creating package script '/home/aiclub/Desktop/TEL_Robot/install/joystick_sub/share/joystick_sub/package.sh'
[9.117s] [34mcolcon.colcon_core.shell[0m [1;30mINFO[0m Creating package script '/home/aiclub/Desktop/TEL_Robot/install/joystick_sub/share/joystick_sub/package.bash'
[9.119s] [34mcolcon.colcon_core.shell[0m [1;30mINFO[0m Creating package script '/home/aiclub/Desktop/TEL_Robot/install/joystick_sub/share/joystick_sub/package.zsh'
[9.121s] [34mcolcon.colcon_core.environment[0m [1;30mLevel 1[0m create_file_with_runtime_dependencies(/home/aiclub/Desktop/TEL_Robot/install/joystick_sub/share/colcon-core/packages/joystick_sub)
[9.123s] [34mcolcon.colcon_parallel_executor.executor.parallel[0m [1;30mDEBUG[0m [32mclosing loop[0m
[9.125s] [34mcolcon.colcon_parallel_executor.executor.parallel[0m [1;30mDEBUG[0m [32mloop closed[0m
[9.126s] [34mcolcon.colcon_parallel_executor.executor.parallel[0m [1;30mDEBUG[0m [32mrun_until_complete finished with '0'[0m
[9.126s] [34mcolcon.colcon_core.event_reactor[0m [1;30mDEBUG[0m [32mjoining thread[0m
[9.160s] [34mcolcon.colcon_core.plugin_system[0m [1;30mINFO[0m Skipping extension 'colcon_notification.desktop_notification.terminal_notifier': Not used on non-Darwin systems
[9.161s] [34mcolcon.colcon_core.plugin_system[0m [1;30mINFO[0m Skipping extension 'colcon_notification.desktop_notification.win32': Not used on non-Windows systems
[9.161s] [34mcolcon.colcon_notification.desktop_notification[0m [1;30mINFO[0m Sending desktop notification using 'notify2'
[9.254s] [34mcolcon.colcon_core.event_reactor[0m [1;30mDEBUG[0m [32mjoined thread[0m
[9.257s] [34mcolcon.colcon_core.shell[0m [1;30mINFO[0m Creating prefix script '/home/aiclub/Desktop/TEL_Robot/install/local_setup.ps1'
[9.262s] [34mcolcon.colcon_core.shell[0m [1;30mINFO[0m Creating prefix util module '/home/aiclub/Desktop/TEL_Robot/install/_local_setup_util_ps1.py'
[9.270s] [34mcolcon.colcon_core.shell[0m [1;30mINFO[0m Creating prefix chain script '/home/aiclub/Desktop/TEL_Robot/install/setup.ps1'
[9.277s] [34mcolcon.colcon_core.shell[0m [1;30mINFO[0m Creating prefix script '/home/aiclub/Desktop/TEL_Robot/install/local_setup.sh'
[9.280s] [34mcolcon.colcon_core.shell[0m [1;30mINFO[0m Creating prefix util module '/home/aiclub/Desktop/TEL_Robot/install/_local_setup_util_sh.py'
[9.282s] [34mcolcon.colcon_core.shell[0m [1;30mINFO[0m Creating prefix chain script '/home/aiclub/Desktop/TEL_Robot/install/setup.sh'
[9.290s] [34mcolcon.colcon_core.shell[0m [1;30mINFO[0m Creating prefix script '/home/aiclub/Desktop/TEL_Robot/install/local_setup.bash'
[9.292s] [34mcolcon.colcon_core.shell[0m [1;30mINFO[0m Creating prefix chain script '/home/aiclub/Desktop/TEL_Robot/install/setup.bash'
[9.298s] [34mcolcon.colcon_core.shell[0m [1;30mINFO[0m Creating prefix script '/home/aiclub/Desktop/TEL_Robot/install/local_setup.zsh'
[9.303s] [34mcolcon.colcon_core.shell[0m [1;30mINFO[0m Creating prefix chain script '/home/aiclub/Desktop/TEL_Robot/install/setup.zsh'
