[1.623s] [34mcolcon[0m [1;30mDEBUG[0m [32mCommand line arguments: ['/usr/bin/colcon', 'build', '--packages-select', 'joystick_pub', 'joystick_sub'][0m
[1.624s] [34mcolcon[0m [1;30mDEBUG[0m [32mParsed command line arguments: Namespace(allow_overriding=[], ament_cmake_args=None, base_paths=['.'], build_base='build', catkin_cmake_args=None, catkin_skip_building_tests=False, cmake_args=None, cmake_clean_cache=False, cmake_clean_first=False, cmake_force_configure=False, cmake_target=None, cmake_target_skip_unavailable=False, continue_on_error=False, event_handlers=None, executor='parallel', ignore_user_meta=False, install_base='install', log_base=None, log_level=None, main=<bound method BuildVerb.main of <colcon_core.verb.build.BuildVerb object at 0xffffb4841670>>, merge_install=False, metas=['./colcon.meta'], packages_above=None, packages_above_and_dependencies=None, packages_above_depth=None, packages_end=None, packages_ignore=None, packages_ignore_regex=None, packages_select=['joystick_pub', 'joystick_sub'], packages_select_build_failed=False, packages_select_by_dep=None, packages_select_regex=None, packages_select_test_failures=False, packages_skip=None, packages_skip_build_finished=False, packages_skip_by_dep=None, packages_skip_regex=None, packages_skip_test_passed=False, packages_skip_up_to=None, packages_start=None, packages_up_to=None, packages_up_to_regex=None, parallel_workers=6, paths=None, symlink_install=False, test_result_base=None, verb_extension=<colcon_core.verb.build.BuildVerb object at 0xffffb4841670>, verb_name='build', verb_parser=<colcon_defaults.argument_parser.defaults.DefaultArgumentsDecorator object at 0xffffb4841b20>)[0m
[1.714s] [34mcolcon.colcon_core.package_discovery[0m [1;30mLevel 1[0m discover_packages(colcon_meta) check parameters
[1.715s] [34mcolcon.colcon_core.package_discovery[0m [1;30mLevel 1[0m discover_packages(recursive) check parameters
[1.715s] [34mcolcon.colcon_core.package_discovery[0m [1;30mLevel 1[0m discover_packages(ignore) check parameters
[1.715s] [34mcolcon.colcon_core.package_discovery[0m [1;30mLevel 1[0m discover_packages(path) check parameters
[1.715s] [34mcolcon.colcon_core.package_discovery[0m [1;30mLevel 1[0m discover_packages(colcon_meta) discover
[1.716s] [34mcolcon.colcon_core.package_discovery[0m [1;30mLevel 1[0m discover_packages(recursive) discover
[1.716s] [34mcolcon.colcon_core.package_discovery[0m [1;30mINFO[0m Crawling recursively for packages in '/home/aiclub/Desktop/TEL_Robot'
[1.717s] [34mcolcon.colcon_core.package_identification[0m [1;30mLevel 1[0m _identify(.) by extensions ['ignore', 'ignore_ament_install']
[1.717s] [34mcolcon.colcon_core.package_identification[0m [1;30mLevel 1[0m _identify(.) by extension 'ignore'
[1.718s] [34mcolcon.colcon_core.package_identification[0m [1;30mLevel 1[0m _identify(.) by extension 'ignore_ament_install'
[1.718s] [34mcolcon.colcon_core.package_identification[0m [1;30mLevel 1[0m _identify(.) by extensions ['colcon_pkg']
[1.718s] [34mcolcon.colcon_core.package_identification[0m [1;30mLevel 1[0m _identify(.) by extension 'colcon_pkg'
[1.719s] [34mcolcon.colcon_core.package_identification[0m [1;30mLevel 1[0m _identify(.) by extensions ['colcon_meta']
[1.719s] [34mcolcon.colcon_core.package_identification[0m [1;30mLevel 1[0m _identify(.) by extension 'colcon_meta'
[1.719s] [34mcolcon.colcon_core.package_identification[0m [1;30mLevel 1[0m _identify(.) by extensions ['ros']
[1.719s] [34mcolcon.colcon_core.package_identification[0m [1;30mLevel 1[0m _identify(.) by extension 'ros'
[1.776s] [34mcolcon.colcon_core.package_identification[0m [1;30mLevel 1[0m _identify(.) by extensions ['cmake', 'python']
[1.777s] [34mcolcon.colcon_core.package_identification[0m [1;30mLevel 1[0m _identify(.) by extension 'cmake'
[1.777s] [34mcolcon.colcon_core.package_identification[0m [1;30mLevel 1[0m _identify(.) by extension 'python'
[1.777s] [34mcolcon.colcon_core.package_identification[0m [1;30mLevel 1[0m _identify(.) by extensions ['python_setup_py']
[1.777s] [34mcolcon.colcon_core.package_identification[0m [1;30mLevel 1[0m _identify(.) by extension 'python_setup_py'
[1.778s] [34mcolcon.colcon_core.package_identification[0m [1;30mLevel 1[0m _identify(build) by extensions ['ignore', 'ignore_ament_install']
[1.779s] [34mcolcon.colcon_core.package_identification[0m [1;30mLevel 1[0m _identify(build) by extension 'ignore'
[1.779s] [34mcolcon.colcon_core.package_identification[0m [1;30mLevel 1[0m _identify(build) ignored
[1.780s] [34mcolcon.colcon_core.package_identification[0m [1;30mLevel 1[0m _identify(install) by extensions ['ignore', 'ignore_ament_install']
[1.780s] [34mcolcon.colcon_core.package_identification[0m [1;30mLevel 1[0m _identify(install) by extension 'ignore'
[1.780s] [34mcolcon.colcon_core.package_identification[0m [1;30mLevel 1[0m _identify(install) ignored
[1.781s] [34mcolcon.colcon_core.package_identification[0m [1;30mLevel 1[0m _identify(log) by extensions ['ignore', 'ignore_ament_install']
[1.781s] [34mcolcon.colcon_core.package_identification[0m [1;30mLevel 1[0m _identify(log) by extension 'ignore'
[1.781s] [34mcolcon.colcon_core.package_identification[0m [1;30mLevel 1[0m _identify(log) ignored
[1.783s] [34mcolcon.colcon_core.package_identification[0m [1;30mLevel 1[0m _identify(src) by extensions ['ignore', 'ignore_ament_install']
[1.783s] [34mcolcon.colcon_core.package_identification[0m [1;30mLevel 1[0m _identify(src) by extension 'ignore'
[1.783s] [34mcolcon.colcon_core.package_identification[0m [1;30mLevel 1[0m _identify(src) by extension 'ignore_ament_install'
[1.784s] [34mcolcon.colcon_core.package_identification[0m [1;30mLevel 1[0m _identify(src) by extensions ['colcon_pkg']
[1.784s] [34mcolcon.colcon_core.package_identification[0m [1;30mLevel 1[0m _identify(src) by extension 'colcon_pkg'
[1.784s] [34mcolcon.colcon_core.package_identification[0m [1;30mLevel 1[0m _identify(src) by extensions ['colcon_meta']
[1.784s] [34mcolcon.colcon_core.package_identification[0m [1;30mLevel 1[0m _identify(src) by extension 'colcon_meta'
[1.785s] [34mcolcon.colcon_core.package_identification[0m [1;30mLevel 1[0m _identify(src) by extensions ['ros']
[1.785s] [34mcolcon.colcon_core.package_identification[0m [1;30mLevel 1[0m _identify(src) by extension 'ros'
[1.785s] [34mcolcon.colcon_core.package_identification[0m [1;30mLevel 1[0m _identify(src) by extensions ['cmake', 'python']
[1.785s] [34mcolcon.colcon_core.package_identification[0m [1;30mLevel 1[0m _identify(src) by extension 'cmake'
[1.786s] [34mcolcon.colcon_core.package_identification[0m [1;30mLevel 1[0m _identify(src) by extension 'python'
[1.786s] [34mcolcon.colcon_core.package_identification[0m [1;30mLevel 1[0m _identify(src) by extensions ['python_setup_py']
[1.786s] [34mcolcon.colcon_core.package_identification[0m [1;30mLevel 1[0m _identify(src) by extension 'python_setup_py'
[1.787s] [34mcolcon.colcon_core.package_identification[0m [1;30mLevel 1[0m _identify(src/joystick_pub) by extensions ['ignore', 'ignore_ament_install']
[1.787s] [34mcolcon.colcon_core.package_identification[0m [1;30mLevel 1[0m _identify(src/joystick_pub) by extension 'ignore'
[1.788s] [34mcolcon.colcon_core.package_identification[0m [1;30mLevel 1[0m _identify(src/joystick_pub) by extension 'ignore_ament_install'
[1.788s] [34mcolcon.colcon_core.package_identification[0m [1;30mLevel 1[0m _identify(src/joystick_pub) by extensions ['colcon_pkg']
[1.788s] [34mcolcon.colcon_core.package_identification[0m [1;30mLevel 1[0m _identify(src/joystick_pub) by extension 'colcon_pkg'
[1.788s] [34mcolcon.colcon_core.package_identification[0m [1;30mLevel 1[0m _identify(src/joystick_pub) by extensions ['colcon_meta']
[1.788s] [34mcolcon.colcon_core.package_identification[0m [1;30mLevel 1[0m _identify(src/joystick_pub) by extension 'colcon_meta'
[1.789s] [34mcolcon.colcon_core.package_identification[0m [1;30mLevel 1[0m _identify(src/joystick_pub) by extensions ['ros']
[1.789s] [34mcolcon.colcon_core.package_identification[0m [1;30mLevel 1[0m _identify(src/joystick_pub) by extension 'ros'
[1.801s] [34mcolcon.colcon_core.package_identification[0m [1;30mDEBUG[0m [32mPackage 'src/joystick_pub' with type 'ros.ament_python' and name 'joystick_pub'[0m
[1.802s] [34mcolcon.colcon_core.package_identification[0m [1;30mLevel 1[0m _identify(src/joystick_sub) by extensions ['ignore', 'ignore_ament_install']
[1.803s] [34mcolcon.colcon_core.package_identification[0m [1;30mLevel 1[0m _identify(src/joystick_sub) by extension 'ignore'
[1.803s] [34mcolcon.colcon_core.package_identification[0m [1;30mLevel 1[0m _identify(src/joystick_sub) by extension 'ignore_ament_install'
[1.803s] [34mcolcon.colcon_core.package_identification[0m [1;30mLevel 1[0m _identify(src/joystick_sub) by extensions ['colcon_pkg']
[1.803s] [34mcolcon.colcon_core.package_identification[0m [1;30mLevel 1[0m _identify(src/joystick_sub) by extension 'colcon_pkg'
[1.804s] [34mcolcon.colcon_core.package_identification[0m [1;30mLevel 1[0m _identify(src/joystick_sub) by extensions ['colcon_meta']
[1.804s] [34mcolcon.colcon_core.package_identification[0m [1;30mLevel 1[0m _identify(src/joystick_sub) by extension 'colcon_meta'
[1.804s] [34mcolcon.colcon_core.package_identification[0m [1;30mLevel 1[0m _identify(src/joystick_sub) by extensions ['ros']
[1.804s] [34mcolcon.colcon_core.package_identification[0m [1;30mLevel 1[0m _identify(src/joystick_sub) by extension 'ros'
[1.807s] [34mcolcon.colcon_core.package_identification[0m [1;30mDEBUG[0m [32mPackage 'src/joystick_sub' with type 'ros.ament_python' and name 'joystick_sub'[0m
[1.807s] [34mcolcon.colcon_core.package_discovery[0m [1;30mLevel 1[0m discover_packages(recursive) using defaults
[1.807s] [34mcolcon.colcon_core.package_discovery[0m [1;30mLevel 1[0m discover_packages(ignore) discover
[1.808s] [34mcolcon.colcon_core.package_discovery[0m [1;30mLevel 1[0m discover_packages(ignore) using defaults
[1.808s] [34mcolcon.colcon_core.package_discovery[0m [1;30mLevel 1[0m discover_packages(path) discover
[1.808s] [34mcolcon.colcon_core.package_discovery[0m [1;30mLevel 1[0m discover_packages(path) using defaults
[2.065s] [34mcolcon.colcon_core.package_discovery[0m [1;30mLevel 1[0m discover_packages(prefix_path) check parameters
[2.065s] [34mcolcon.colcon_core.package_discovery[0m [1;30mLevel 1[0m discover_packages(prefix_path) discover
[2.076s] [34mcolcon.colcon_installed_package_information.package_discovery[0m [1;30mDEBUG[0m [32mFound 2 installed packages in /home/aiclub/Desktop/TEL_Robot/install[0m
[2.085s] [34mcolcon.colcon_installed_package_information.package_discovery[0m [1;30mDEBUG[0m [32mFound 279 installed packages in /opt/ros/foxy[0m
[2.095s] [34mcolcon.colcon_core.package_discovery[0m [1;30mLevel 1[0m discover_packages(prefix_path) using defaults
[2.460s] [34mcolcon.colcon_core.verb[0m [1;30mLevel 5[0m set package 'joystick_pub' build argument 'cmake_args' from command line to 'None'
[2.461s] [34mcolcon.colcon_core.verb[0m [1;30mLevel 5[0m set package 'joystick_pub' build argument 'cmake_target' from command line to 'None'
[2.461s] [34mcolcon.colcon_core.verb[0m [1;30mLevel 5[0m set package 'joystick_pub' build argument 'cmake_target_skip_unavailable' from command line to 'False'
[2.461s] [34mcolcon.colcon_core.verb[0m [1;30mLevel 5[0m set package 'joystick_pub' build argument 'cmake_clean_cache' from command line to 'False'
[2.461s] [34mcolcon.colcon_core.verb[0m [1;30mLevel 5[0m set package 'joystick_pub' build argument 'cmake_clean_first' from command line to 'False'
[2.462s] [34mcolcon.colcon_core.verb[0m [1;30mLevel 5[0m set package 'joystick_pub' build argument 'cmake_force_configure' from command line to 'False'
[2.462s] [34mcolcon.colcon_core.verb[0m [1;30mLevel 5[0m set package 'joystick_pub' build argument 'ament_cmake_args' from command line to 'None'
[2.462s] [34mcolcon.colcon_core.verb[0m [1;30mLevel 5[0m set package 'joystick_pub' build argument 'catkin_cmake_args' from command line to 'None'
[2.462s] [34mcolcon.colcon_core.verb[0m [1;30mLevel 5[0m set package 'joystick_pub' build argument 'catkin_skip_building_tests' from command line to 'False'
[2.463s] [34mcolcon.colcon_core.verb[0m [1;30mDEBUG[0m [32mBuilding package 'joystick_pub' with the following arguments: {'ament_cmake_args': None, 'build_base': '/home/aiclub/Desktop/TEL_Robot/build/joystick_pub', 'catkin_cmake_args': None, 'catkin_skip_building_tests': False, 'cmake_args': None, 'cmake_clean_cache': False, 'cmake_clean_first': False, 'cmake_force_configure': False, 'cmake_target': None, 'cmake_target_skip_unavailable': False, 'install_base': '/home/aiclub/Desktop/TEL_Robot/install/joystick_pub', 'merge_install': False, 'path': '/home/aiclub/Desktop/TEL_Robot/src/joystick_pub', 'symlink_install': False, 'test_result_base': None}[0m
[2.465s] [34mcolcon.colcon_core.verb[0m [1;30mLevel 5[0m set package 'joystick_sub' build argument 'cmake_args' from command line to 'None'
[2.466s] [34mcolcon.colcon_core.verb[0m [1;30mLevel 5[0m set package 'joystick_sub' build argument 'cmake_target' from command line to 'None'
[2.466s] [34mcolcon.colcon_core.verb[0m [1;30mLevel 5[0m set package 'joystick_sub' build argument 'cmake_target_skip_unavailable' from command line to 'False'
[2.466s] [34mcolcon.colcon_core.verb[0m [1;30mLevel 5[0m set package 'joystick_sub' build argument 'cmake_clean_cache' from command line to 'False'
[2.466s] [34mcolcon.colcon_core.verb[0m [1;30mLevel 5[0m set package 'joystick_sub' build argument 'cmake_clean_first' from command line to 'False'
[2.466s] [34mcolcon.colcon_core.verb[0m [1;30mLevel 5[0m set package 'joystick_sub' build argument 'cmake_force_configure' from command line to 'False'
[2.466s] [34mcolcon.colcon_core.verb[0m [1;30mLevel 5[0m set package 'joystick_sub' build argument 'ament_cmake_args' from command line to 'None'
[2.467s] [34mcolcon.colcon_core.verb[0m [1;30mLevel 5[0m set package 'joystick_sub' build argument 'catkin_cmake_args' from command line to 'None'
[2.467s] [34mcolcon.colcon_core.verb[0m [1;30mLevel 5[0m set package 'joystick_sub' build argument 'catkin_skip_building_tests' from command line to 'False'
[2.467s] [34mcolcon.colcon_core.verb[0m [1;30mDEBUG[0m [32mBuilding package 'joystick_sub' with the following arguments: {'ament_cmake_args': None, 'build_base': '/home/aiclub/Desktop/TEL_Robot/build/joystick_sub', 'catkin_cmake_args': None, 'catkin_skip_building_tests': False, 'cmake_args': None, 'cmake_clean_cache': False, 'cmake_clean_first': False, 'cmake_force_configure': False, 'cmake_target': None, 'cmake_target_skip_unavailable': False, 'install_base': '/home/aiclub/Desktop/TEL_Robot/install/joystick_sub', 'merge_install': False, 'path': '/home/aiclub/Desktop/TEL_Robot/src/joystick_sub', 'symlink_install': False, 'test_result_base': None}[0m
[2.469s] [34mcolcon.colcon_core.executor[0m [1;30mINFO[0m Executing jobs using 'parallel' executor
[2.475s] [34mcolcon.colcon_parallel_executor.executor.parallel[0m [1;30mDEBUG[0m [32mrun_until_complete[0m
[2.476s] [34mcolcon.colcon_ros.task.ament_python.build[0m [1;30mINFO[0m Building ROS package in '/home/aiclub/Desktop/TEL_Robot/src/joystick_pub' with build type 'ament_python'
[2.477s] [34mcolcon.colcon_core.shell[0m [1;30mLevel 1[0m create_environment_hook('joystick_pub', 'ament_prefix_path')
[2.489s] [34mcolcon.colcon_core.plugin_system[0m [1;30mINFO[0m Skipping extension 'colcon_core.shell.bat': Not used on non-Windows systems
[2.490s] [34mcolcon.colcon_core.shell[0m [1;30mINFO[0m Creating environment hook '/home/aiclub/Desktop/TEL_Robot/install/joystick_pub/share/joystick_pub/hook/ament_prefix_path.ps1'
[2.493s] [34mcolcon.colcon_core.shell[0m [1;30mINFO[0m Creating environment descriptor '/home/aiclub/Desktop/TEL_Robot/install/joystick_pub/share/joystick_pub/hook/ament_prefix_path.dsv'
[2.495s] [34mcolcon.colcon_core.shell[0m [1;30mINFO[0m Creating environment hook '/home/aiclub/Desktop/TEL_Robot/install/joystick_pub/share/joystick_pub/hook/ament_prefix_path.sh'
[2.500s] [34mcolcon.colcon_core.shell[0m [1;30mINFO[0m Skip shell extension 'powershell' for command environment: Not usable outside of PowerShell
[2.501s] [34mcolcon.colcon_core.shell[0m [1;30mDEBUG[0m [32mSkip shell extension 'dsv' for command environment[0m
[2.518s] [34mcolcon.colcon_core.shell[0m [1;30mDEBUG[0m [32mIgnoring prefix path '/opt/ros/noetic'[0m
[2.534s] [34mcolcon.colcon_ros.task.ament_python.build[0m [1;30mINFO[0m Building ROS package in '/home/aiclub/Desktop/TEL_Robot/src/joystick_sub' with build type 'ament_python'
[2.537s] [34mcolcon.colcon_core.shell[0m [1;30mLevel 1[0m create_environment_hook('joystick_sub', 'ament_prefix_path')
[2.544s] [34mcolcon.colcon_core.shell[0m [1;30mINFO[0m Creating environment hook '/home/aiclub/Desktop/TEL_Robot/install/joystick_sub/share/joystick_sub/hook/ament_prefix_path.ps1'
[2.548s] [34mcolcon.colcon_core.shell[0m [1;30mINFO[0m Creating environment descriptor '/home/aiclub/Desktop/TEL_Robot/install/joystick_sub/share/joystick_sub/hook/ament_prefix_path.dsv'
[2.551s] [34mcolcon.colcon_core.shell[0m [1;30mINFO[0m Creating environment hook '/home/aiclub/Desktop/TEL_Robot/install/joystick_sub/share/joystick_sub/hook/ament_prefix_path.sh'
[2.558s] [34mcolcon.colcon_core.shell[0m [1;30mINFO[0m Skip shell extension 'powershell' for command environment: Not usable outside of PowerShell
[2.559s] [34mcolcon.colcon_core.shell[0m [1;30mDEBUG[0m [32mSkip shell extension 'dsv' for command environment[0m
[2.580s] [34mcolcon.colcon_core.shell[0m [1;30mDEBUG[0m [32mIgnoring prefix path '/opt/ros/noetic'[0m
[4.171s] [34mcolcon.colcon_core.task.python.build[0m [1;30mINFO[0m Building Python package in '/home/aiclub/Desktop/TEL_Robot/src/joystick_pub'
[4.178s] [34mcolcon.colcon_core.shell[0m [1;30mINFO[0m Skip shell extension 'powershell' for command environment: Not usable outside of PowerShell
[4.178s] [34mcolcon.colcon_core.shell[0m [1;30mDEBUG[0m [32mSkip shell extension 'dsv' for command environment[0m
[4.197s] [34mcolcon.colcon_core.shell[0m [1;30mDEBUG[0m [32mIgnoring prefix path '/opt/ros/noetic'[0m
[5.773s] [34mcolcon.colcon_core.task.python.build[0m [1;30mINFO[0m Building Python package in '/home/aiclub/Desktop/TEL_Robot/src/joystick_sub'
[5.780s] [34mcolcon.colcon_core.shell[0m [1;30mINFO[0m Skip shell extension 'powershell' for command environment: Not usable outside of PowerShell
[5.780s] [34mcolcon.colcon_core.shell[0m [1;30mDEBUG[0m [32mSkip shell extension 'dsv' for command environment[0m
[5.797s] [34mcolcon.colcon_core.shell[0m [1;30mDEBUG[0m [32mIgnoring prefix path '/opt/ros/noetic'[0m
[8.208s] [34mcolcon.colcon_core.event_handler.log_command[0m [1;30mDEBUG[0m [32mInvoking command in '/home/aiclub/Desktop/TEL_Robot/src/joystick_pub': PYTHONPATH=/home/aiclub/Desktop/TEL_Robot/build/joystick_pub/prefix_override:/home/aiclub/Desktop/TEL_Robot/install/joystick_pub/lib/python3.8/site-packages:${PYTHONPATH} /usr/bin/python3 setup.py egg_info --egg-base ../../build/joystick_pub build --build-base /home/aiclub/Desktop/TEL_Robot/build/joystick_pub/build install --record /home/aiclub/Desktop/TEL_Robot/build/joystick_pub/install.log --single-version-externally-managed[0m
[8.251s] [34mcolcon.colcon_core.event_handler.log_command[0m [1;30mDEBUG[0m [32mInvoking command in '/home/aiclub/Desktop/TEL_Robot/src/joystick_sub': PYTHONPATH=/home/aiclub/Desktop/TEL_Robot/build/joystick_sub/prefix_override:/home/aiclub/Desktop/TEL_Robot/install/joystick_sub/lib/python3.8/site-packages:${PYTHONPATH} /usr/bin/python3 setup.py egg_info --egg-base ../../build/joystick_sub build --build-base /home/aiclub/Desktop/TEL_Robot/build/joystick_sub/build install --record /home/aiclub/Desktop/TEL_Robot/build/joystick_sub/install.log --single-version-externally-managed[0m
[10.019s] [34mcolcon.colcon_core.event_handler.log_command[0m [1;30mDEBUG[0m [32mInvoked command in '/home/aiclub/Desktop/TEL_Robot/src/joystick_pub' returned '0': PYTHONPATH=/home/aiclub/Desktop/TEL_Robot/build/joystick_pub/prefix_override:/home/aiclub/Desktop/TEL_Robot/install/joystick_pub/lib/python3.8/site-packages:${PYTHONPATH} /usr/bin/python3 setup.py egg_info --egg-base ../../build/joystick_pub build --build-base /home/aiclub/Desktop/TEL_Robot/build/joystick_pub/build install --record /home/aiclub/Desktop/TEL_Robot/build/joystick_pub/install.log --single-version-externally-managed[0m
[10.034s] [34mcolcon.colcon_core.environment[0m [1;30mLevel 1[0m checking '/home/aiclub/Desktop/TEL_Robot/install/joystick_pub' for CMake module files
[10.164s] [34mcolcon.colcon_core.environment[0m [1;30mLevel 1[0m checking '/home/aiclub/Desktop/TEL_Robot/install/joystick_pub' for CMake config files
[10.169s] [34mcolcon.colcon_core.environment[0m [1;30mLevel 1[0m checking '/home/aiclub/Desktop/TEL_Robot/install/joystick_pub/lib'
[10.170s] [34mcolcon.colcon_core.environment[0m [1;30mLevel 1[0m checking '/home/aiclub/Desktop/TEL_Robot/install/joystick_pub/bin'
[10.170s] [34mcolcon.colcon_core.environment[0m [1;30mLevel 1[0m checking '/home/aiclub/Desktop/TEL_Robot/install/joystick_pub/lib/pkgconfig/joystick_pub.pc'
[10.172s] [34mcolcon.colcon_core.environment[0m [1;30mLevel 1[0m checking '/home/aiclub/Desktop/TEL_Robot/install/joystick_pub/lib/python3.8/site-packages'
[10.172s] [34mcolcon.colcon_core.shell[0m [1;30mLevel 1[0m create_environment_hook('joystick_pub', 'pythonpath')
[10.175s] [34mcolcon.colcon_core.shell[0m [1;30mINFO[0m Creating environment hook '/home/aiclub/Desktop/TEL_Robot/install/joystick_pub/share/joystick_pub/hook/pythonpath.ps1'
[10.178s] [34mcolcon.colcon_core.shell[0m [1;30mINFO[0m Creating environment descriptor '/home/aiclub/Desktop/TEL_Robot/install/joystick_pub/share/joystick_pub/hook/pythonpath.dsv'
[10.180s] [34mcolcon.colcon_core.shell[0m [1;30mINFO[0m Creating environment hook '/home/aiclub/Desktop/TEL_Robot/install/joystick_pub/share/joystick_pub/hook/pythonpath.sh'
[10.182s] [34mcolcon.colcon_core.environment[0m [1;30mLevel 1[0m checking '/home/aiclub/Desktop/TEL_Robot/install/joystick_pub/bin'
[10.183s] [34mcolcon.colcon_core.environment[0m [1;30mLevel 1[0m create_environment_scripts_only(joystick_pub)
[10.186s] [34mcolcon.colcon_core.shell[0m [1;30mINFO[0m Creating package script '/home/aiclub/Desktop/TEL_Robot/install/joystick_pub/share/joystick_pub/package.ps1'
[10.191s] [34mcolcon.colcon_core.shell[0m [1;30mINFO[0m Creating package descriptor '/home/aiclub/Desktop/TEL_Robot/install/joystick_pub/share/joystick_pub/package.dsv'
[10.195s] [34mcolcon.colcon_core.shell[0m [1;30mINFO[0m Creating package script '/home/aiclub/Desktop/TEL_Robot/install/joystick_pub/share/joystick_pub/package.sh'
[10.200s] [34mcolcon.colcon_core.shell[0m [1;30mINFO[0m Creating package script '/home/aiclub/Desktop/TEL_Robot/install/joystick_pub/share/joystick_pub/package.bash'
[10.204s] [34mcolcon.colcon_core.shell[0m [1;30mINFO[0m Creating package script '/home/aiclub/Desktop/TEL_Robot/install/joystick_pub/share/joystick_pub/package.zsh'
[10.208s] [34mcolcon.colcon_core.environment[0m [1;30mLevel 1[0m create_file_with_runtime_dependencies(/home/aiclub/Desktop/TEL_Robot/install/joystick_pub/share/colcon-core/packages/joystick_pub)
[10.215s] [34mcolcon.colcon_core.environment[0m [1;30mLevel 1[0m checking '/home/aiclub/Desktop/TEL_Robot/install/joystick_sub' for CMake module files
[10.220s] [34mcolcon.colcon_core.event_handler.log_command[0m [1;30mDEBUG[0m [32mInvoked command in '/home/aiclub/Desktop/TEL_Robot/src/joystick_sub' returned '0': PYTHONPATH=/home/aiclub/Desktop/TEL_Robot/build/joystick_sub/prefix_override:/home/aiclub/Desktop/TEL_Robot/install/joystick_sub/lib/python3.8/site-packages:${PYTHONPATH} /usr/bin/python3 setup.py egg_info --egg-base ../../build/joystick_sub build --build-base /home/aiclub/Desktop/TEL_Robot/build/joystick_sub/build install --record /home/aiclub/Desktop/TEL_Robot/build/joystick_sub/install.log --single-version-externally-managed[0m
[10.221s] [34mcolcon.colcon_core.environment[0m [1;30mLevel 1[0m checking '/home/aiclub/Desktop/TEL_Robot/install/joystick_sub' for CMake config files
[10.224s] [34mcolcon.colcon_core.environment[0m [1;30mLevel 1[0m checking '/home/aiclub/Desktop/TEL_Robot/install/joystick_sub/lib'
[10.225s] [34mcolcon.colcon_core.environment[0m [1;30mLevel 1[0m checking '/home/aiclub/Desktop/TEL_Robot/install/joystick_sub/bin'
[10.225s] [34mcolcon.colcon_core.environment[0m [1;30mLevel 1[0m checking '/home/aiclub/Desktop/TEL_Robot/install/joystick_sub/lib/pkgconfig/joystick_sub.pc'
[10.226s] [34mcolcon.colcon_core.environment[0m [1;30mLevel 1[0m checking '/home/aiclub/Desktop/TEL_Robot/install/joystick_sub/lib/python3.8/site-packages'
[10.226s] [34mcolcon.colcon_core.shell[0m [1;30mLevel 1[0m create_environment_hook('joystick_sub', 'pythonpath')
[10.228s] [34mcolcon.colcon_core.shell[0m [1;30mINFO[0m Creating environment hook '/home/aiclub/Desktop/TEL_Robot/install/joystick_sub/share/joystick_sub/hook/pythonpath.ps1'
[10.231s] [34mcolcon.colcon_core.shell[0m [1;30mINFO[0m Creating environment descriptor '/home/aiclub/Desktop/TEL_Robot/install/joystick_sub/share/joystick_sub/hook/pythonpath.dsv'
[10.233s] [34mcolcon.colcon_core.shell[0m [1;30mINFO[0m Creating environment hook '/home/aiclub/Desktop/TEL_Robot/install/joystick_sub/share/joystick_sub/hook/pythonpath.sh'
[10.236s] [34mcolcon.colcon_core.environment[0m [1;30mLevel 1[0m checking '/home/aiclub/Desktop/TEL_Robot/install/joystick_sub/bin'
[10.236s] [34mcolcon.colcon_core.environment[0m [1;30mLevel 1[0m create_environment_scripts_only(joystick_sub)
[10.239s] [34mcolcon.colcon_core.shell[0m [1;30mINFO[0m Creating package script '/home/aiclub/Desktop/TEL_Robot/install/joystick_sub/share/joystick_sub/package.ps1'
[10.243s] [34mcolcon.colcon_core.shell[0m [1;30mINFO[0m Creating package descriptor '/home/aiclub/Desktop/TEL_Robot/install/joystick_sub/share/joystick_sub/package.dsv'
[10.246s] [34mcolcon.colcon_core.shell[0m [1;30mINFO[0m Creating package script '/home/aiclub/Desktop/TEL_Robot/install/joystick_sub/share/joystick_sub/package.sh'
[10.249s] [34mcolcon.colcon_core.shell[0m [1;30mINFO[0m Creating package script '/home/aiclub/Desktop/TEL_Robot/install/joystick_sub/share/joystick_sub/package.bash'
[10.251s] [34mcolcon.colcon_core.shell[0m [1;30mINFO[0m Creating package script '/home/aiclub/Desktop/TEL_Robot/install/joystick_sub/share/joystick_sub/package.zsh'
[10.253s] [34mcolcon.colcon_core.environment[0m [1;30mLevel 1[0m create_file_with_runtime_dependencies(/home/aiclub/Desktop/TEL_Robot/install/joystick_sub/share/colcon-core/packages/joystick_sub)
[10.254s] [34mcolcon.colcon_parallel_executor.executor.parallel[0m [1;30mDEBUG[0m [32mclosing loop[0m
[10.256s] [34mcolcon.colcon_parallel_executor.executor.parallel[0m [1;30mDEBUG[0m [32mloop closed[0m
[10.257s] [34mcolcon.colcon_parallel_executor.executor.parallel[0m [1;30mDEBUG[0m [32mrun_until_complete finished with '0'[0m
[10.257s] [34mcolcon.colcon_core.event_reactor[0m [1;30mDEBUG[0m [32mjoining thread[0m
[10.294s] [34mcolcon.colcon_core.plugin_system[0m [1;30mINFO[0m Skipping extension 'colcon_notification.desktop_notification.terminal_notifier': Not used on non-Darwin systems
[10.295s] [34mcolcon.colcon_core.plugin_system[0m [1;30mINFO[0m Skipping extension 'colcon_notification.desktop_notification.win32': Not used on non-Windows systems
[10.295s] [34mcolcon.colcon_notification.desktop_notification[0m [1;30mINFO[0m Sending desktop notification using 'notify2'
[10.390s] [34mcolcon.colcon_core.event_reactor[0m [1;30mDEBUG[0m [32mjoined thread[0m
[10.393s] [34mcolcon.colcon_core.shell[0m [1;30mINFO[0m Creating prefix script '/home/aiclub/Desktop/TEL_Robot/install/local_setup.ps1'
[10.399s] [34mcolcon.colcon_core.shell[0m [1;30mINFO[0m Creating prefix util module '/home/aiclub/Desktop/TEL_Robot/install/_local_setup_util_ps1.py'
[10.410s] [34mcolcon.colcon_core.shell[0m [1;30mINFO[0m Creating prefix chain script '/home/aiclub/Desktop/TEL_Robot/install/setup.ps1'
[10.417s] [34mcolcon.colcon_core.shell[0m [1;30mINFO[0m Creating prefix script '/home/aiclub/Desktop/TEL_Robot/install/local_setup.sh'
[10.421s] [34mcolcon.colcon_core.shell[0m [1;30mINFO[0m Creating prefix util module '/home/aiclub/Desktop/TEL_Robot/install/_local_setup_util_sh.py'
[10.424s] [34mcolcon.colcon_core.shell[0m [1;30mINFO[0m Creating prefix chain script '/home/aiclub/Desktop/TEL_Robot/install/setup.sh'
[10.431s] [34mcolcon.colcon_core.shell[0m [1;30mINFO[0m Creating prefix script '/home/aiclub/Desktop/TEL_Robot/install/local_setup.bash'
[10.434s] [34mcolcon.colcon_core.shell[0m [1;30mINFO[0m Creating prefix chain script '/home/aiclub/Desktop/TEL_Robot/install/setup.bash'
[10.440s] [34mcolcon.colcon_core.shell[0m [1;30mINFO[0m Creating prefix script '/home/aiclub/Desktop/TEL_Robot/install/local_setup.zsh'
[10.444s] [34mcolcon.colcon_core.shell[0m [1;30mINFO[0m Creating prefix chain script '/home/aiclub/Desktop/TEL_Robot/install/setup.zsh'
