[12.505s] [34mcolcon[0m [1;30mDEBUG[0m [32mCommand line arguments: ['/usr/bin/colcon', 'build', '--packages-select', 'joystick_sub', 'joystick_sub'][0m
[12.506s] [34mcolcon[0m [1;30mDEBUG[0m [32mParsed command line arguments: Namespace(allow_overriding=[], ament_cmake_args=None, base_paths=['.'], build_base='build', catkin_cmake_args=None, catkin_skip_building_tests=False, cmake_args=None, cmake_clean_cache=False, cmake_clean_first=False, cmake_force_configure=False, cmake_target=None, cmake_target_skip_unavailable=False, continue_on_error=False, event_handlers=None, executor='parallel', ignore_user_meta=False, install_base='install', log_base=None, log_level=None, main=<bound method BuildVerb.main of <colcon_core.verb.build.BuildVerb object at 0xffff87a74250>>, merge_install=False, metas=['./colcon.meta'], packages_above=None, packages_above_and_dependencies=None, packages_above_depth=None, packages_end=None, packages_ignore=None, packages_ignore_regex=None, packages_select=['joystick_sub', 'joystick_sub'], packages_select_build_failed=False, packages_select_by_dep=None, packages_select_regex=None, packages_select_test_failures=False, packages_skip=None, packages_skip_build_finished=False, packages_skip_by_dep=None, packages_skip_regex=None, packages_skip_test_passed=False, packages_skip_up_to=None, packages_start=None, packages_up_to=None, packages_up_to_regex=None, parallel_workers=6, paths=None, symlink_install=False, test_result_base=None, verb_extension=<colcon_core.verb.build.BuildVerb object at 0xffff87a74250>, verb_name='build', verb_parser=<colcon_defaults.argument_parser.defaults.DefaultArgumentsDecorator object at 0xffff87a509d0>)[0m
[12.995s] [34mcolcon.colcon_core.package_discovery[0m [1;30mLevel 1[0m discover_packages(colcon_meta) check parameters
[12.996s] [34mcolcon.colcon_core.package_discovery[0m [1;30mLevel 1[0m discover_packages(recursive) check parameters
[12.996s] [34mcolcon.colcon_core.package_discovery[0m [1;30mLevel 1[0m discover_packages(ignore) check parameters
[12.996s] [34mcolcon.colcon_core.package_discovery[0m [1;30mLevel 1[0m discover_packages(path) check parameters
[12.997s] [34mcolcon.colcon_core.package_discovery[0m [1;30mLevel 1[0m discover_packages(colcon_meta) discover
[12.997s] [34mcolcon.colcon_core.package_discovery[0m [1;30mLevel 1[0m discover_packages(recursive) discover
[12.997s] [34mcolcon.colcon_core.package_discovery[0m [1;30mINFO[0m Crawling recursively for packages in '/home/aiclub/Desktop/TEL_Robot'
[12.998s] [34mcolcon.colcon_core.package_identification[0m [1;30mLevel 1[0m _identify(.) by extensions ['ignore', 'ignore_ament_install']
[12.998s] [34mcolcon.colcon_core.package_identification[0m [1;30mLevel 1[0m _identify(.) by extension 'ignore'
[12.998s] [34mcolcon.colcon_core.package_identification[0m [1;30mLevel 1[0m _identify(.) by extension 'ignore_ament_install'
[12.999s] [34mcolcon.colcon_core.package_identification[0m [1;30mLevel 1[0m _identify(.) by extensions ['colcon_pkg']
[12.999s] [34mcolcon.colcon_core.package_identification[0m [1;30mLevel 1[0m _identify(.) by extension 'colcon_pkg'
[12.999s] [34mcolcon.colcon_core.package_identification[0m [1;30mLevel 1[0m _identify(.) by extensions ['colcon_meta']
[12.999s] [34mcolcon.colcon_core.package_identification[0m [1;30mLevel 1[0m _identify(.) by extension 'colcon_meta'
[13.000s] [34mcolcon.colcon_core.package_identification[0m [1;30mLevel 1[0m _identify(.) by extensions ['ros']
[13.000s] [34mcolcon.colcon_core.package_identification[0m [1;30mLevel 1[0m _identify(.) by extension 'ros'
[13.058s] [34mcolcon.colcon_core.package_identification[0m [1;30mLevel 1[0m _identify(.) by extensions ['cmake', 'python']
[13.059s] [34mcolcon.colcon_core.package_identification[0m [1;30mLevel 1[0m _identify(.) by extension 'cmake'
[13.059s] [34mcolcon.colcon_core.package_identification[0m [1;30mLevel 1[0m _identify(.) by extension 'python'
[13.059s] [34mcolcon.colcon_core.package_identification[0m [1;30mLevel 1[0m _identify(.) by extensions ['python_setup_py']
[13.059s] [34mcolcon.colcon_core.package_identification[0m [1;30mLevel 1[0m _identify(.) by extension 'python_setup_py'
[13.060s] [34mcolcon.colcon_core.package_identification[0m [1;30mLevel 1[0m _identify(build) by extensions ['ignore', 'ignore_ament_install']
[13.061s] [34mcolcon.colcon_core.package_identification[0m [1;30mLevel 1[0m _identify(build) by extension 'ignore'
[13.061s] [34mcolcon.colcon_core.package_identification[0m [1;30mLevel 1[0m _identify(build) ignored
[13.062s] [34mcolcon.colcon_core.package_identification[0m [1;30mLevel 1[0m _identify(install) by extensions ['ignore', 'ignore_ament_install']
[13.062s] [34mcolcon.colcon_core.package_identification[0m [1;30mLevel 1[0m _identify(install) by extension 'ignore'
[13.062s] [34mcolcon.colcon_core.package_identification[0m [1;30mLevel 1[0m _identify(install) ignored
[13.064s] [34mcolcon.colcon_core.package_identification[0m [1;30mLevel 1[0m _identify(log) by extensions ['ignore', 'ignore_ament_install']
[13.064s] [34mcolcon.colcon_core.package_identification[0m [1;30mLevel 1[0m _identify(log) by extension 'ignore'
[13.065s] [34mcolcon.colcon_core.package_identification[0m [1;30mLevel 1[0m _identify(log) ignored
[13.065s] [34mcolcon.colcon_core.package_identification[0m [1;30mLevel 1[0m _identify(src) by extensions ['ignore', 'ignore_ament_install']
[13.065s] [34mcolcon.colcon_core.package_identification[0m [1;30mLevel 1[0m _identify(src) by extension 'ignore'
[13.066s] [34mcolcon.colcon_core.package_identification[0m [1;30mLevel 1[0m _identify(src) by extension 'ignore_ament_install'
[13.066s] [34mcolcon.colcon_core.package_identification[0m [1;30mLevel 1[0m _identify(src) by extensions ['colcon_pkg']
[13.066s] [34mcolcon.colcon_core.package_identification[0m [1;30mLevel 1[0m _identify(src) by extension 'colcon_pkg'
[13.066s] [34mcolcon.colcon_core.package_identification[0m [1;30mLevel 1[0m _identify(src) by extensions ['colcon_meta']
[13.067s] [34mcolcon.colcon_core.package_identification[0m [1;30mLevel 1[0m _identify(src) by extension 'colcon_meta'
[13.067s] [34mcolcon.colcon_core.package_identification[0m [1;30mLevel 1[0m _identify(src) by extensions ['ros']
[13.067s] [34mcolcon.colcon_core.package_identification[0m [1;30mLevel 1[0m _identify(src) by extension 'ros'
[13.067s] [34mcolcon.colcon_core.package_identification[0m [1;30mLevel 1[0m _identify(src) by extensions ['cmake', 'python']
[13.068s] [34mcolcon.colcon_core.package_identification[0m [1;30mLevel 1[0m _identify(src) by extension 'cmake'
[13.068s] [34mcolcon.colcon_core.package_identification[0m [1;30mLevel 1[0m _identify(src) by extension 'python'
[13.068s] [34mcolcon.colcon_core.package_identification[0m [1;30mLevel 1[0m _identify(src) by extensions ['python_setup_py']
[13.068s] [34mcolcon.colcon_core.package_identification[0m [1;30mLevel 1[0m _identify(src) by extension 'python_setup_py'
[13.069s] [34mcolcon.colcon_core.package_identification[0m [1;30mLevel 1[0m _identify(src/joystick_pub) by extensions ['ignore', 'ignore_ament_install']
[13.069s] [34mcolcon.colcon_core.package_identification[0m [1;30mLevel 1[0m _identify(src/joystick_pub) by extension 'ignore'
[13.069s] [34mcolcon.colcon_core.package_identification[0m [1;30mLevel 1[0m _identify(src/joystick_pub) by extension 'ignore_ament_install'
[13.070s] [34mcolcon.colcon_core.package_identification[0m [1;30mLevel 1[0m _identify(src/joystick_pub) by extensions ['colcon_pkg']
[13.070s] [34mcolcon.colcon_core.package_identification[0m [1;30mLevel 1[0m _identify(src/joystick_pub) by extension 'colcon_pkg'
[13.070s] [34mcolcon.colcon_core.package_identification[0m [1;30mLevel 1[0m _identify(src/joystick_pub) by extensions ['colcon_meta']
[13.070s] [34mcolcon.colcon_core.package_identification[0m [1;30mLevel 1[0m _identify(src/joystick_pub) by extension 'colcon_meta'
[13.070s] [34mcolcon.colcon_core.package_identification[0m [1;30mLevel 1[0m _identify(src/joystick_pub) by extensions ['ros']
[13.071s] [34mcolcon.colcon_core.package_identification[0m [1;30mLevel 1[0m _identify(src/joystick_pub) by extension 'ros'
[13.085s] [34mcolcon.colcon_core.package_identification[0m [1;30mDEBUG[0m [32mPackage 'src/joystick_pub' with type 'ros.ament_python' and name 'joystick_pub'[0m
[13.086s] [34mcolcon.colcon_core.package_identification[0m [1;30mLevel 1[0m _identify(src/joystick_sub) by extensions ['ignore', 'ignore_ament_install']
[13.086s] [34mcolcon.colcon_core.package_identification[0m [1;30mLevel 1[0m _identify(src/joystick_sub) by extension 'ignore'
[13.087s] [34mcolcon.colcon_core.package_identification[0m [1;30mLevel 1[0m _identify(src/joystick_sub) by extension 'ignore_ament_install'
[13.087s] [34mcolcon.colcon_core.package_identification[0m [1;30mLevel 1[0m _identify(src/joystick_sub) by extensions ['colcon_pkg']
[13.087s] [34mcolcon.colcon_core.package_identification[0m [1;30mLevel 1[0m _identify(src/joystick_sub) by extension 'colcon_pkg'
[13.087s] [34mcolcon.colcon_core.package_identification[0m [1;30mLevel 1[0m _identify(src/joystick_sub) by extensions ['colcon_meta']
[13.088s] [34mcolcon.colcon_core.package_identification[0m [1;30mLevel 1[0m _identify(src/joystick_sub) by extension 'colcon_meta'
[13.088s] [34mcolcon.colcon_core.package_identification[0m [1;30mLevel 1[0m _identify(src/joystick_sub) by extensions ['ros']
[13.088s] [34mcolcon.colcon_core.package_identification[0m [1;30mLevel 1[0m _identify(src/joystick_sub) by extension 'ros'
[13.091s] [34mcolcon.colcon_core.package_identification[0m [1;30mDEBUG[0m [32mPackage 'src/joystick_sub' with type 'ros.ament_python' and name 'joystick_sub'[0m
[13.092s] [34mcolcon.colcon_core.package_identification[0m [1;30mLevel 1[0m _identify(src/witmotion_ros) by extensions ['ignore', 'ignore_ament_install']
[13.092s] [34mcolcon.colcon_core.package_identification[0m [1;30mLevel 1[0m _identify(src/witmotion_ros) by extension 'ignore'
[13.093s] [34mcolcon.colcon_core.package_identification[0m [1;30mLevel 1[0m _identify(src/witmotion_ros) by extension 'ignore_ament_install'
[13.093s] [34mcolcon.colcon_core.package_identification[0m [1;30mLevel 1[0m _identify(src/witmotion_ros) by extensions ['colcon_pkg']
[13.093s] [34mcolcon.colcon_core.package_identification[0m [1;30mLevel 1[0m _identify(src/witmotion_ros) by extension 'colcon_pkg'
[13.093s] [34mcolcon.colcon_core.package_identification[0m [1;30mLevel 1[0m _identify(src/witmotion_ros) by extensions ['colcon_meta']
[13.093s] [34mcolcon.colcon_core.package_identification[0m [1;30mLevel 1[0m _identify(src/witmotion_ros) by extension 'colcon_meta'
[13.094s] [34mcolcon.colcon_core.package_identification[0m [1;30mLevel 1[0m _identify(src/witmotion_ros) by extensions ['ros']
[13.094s] [34mcolcon.colcon_core.package_identification[0m [1;30mLevel 1[0m _identify(src/witmotion_ros) by extension 'ros'
[13.096s] [34mcolcon.colcon_core.package_identification[0m [1;30mDEBUG[0m [32mPackage 'src/witmotion_ros' with type 'ros.ament_cmake' and name 'witmotion_ros'[0m
[13.097s] [34mcolcon.colcon_core.package_discovery[0m [1;30mLevel 1[0m discover_packages(recursive) using defaults
[13.097s] [34mcolcon.colcon_core.package_discovery[0m [1;30mLevel 1[0m discover_packages(ignore) discover
[13.097s] [34mcolcon.colcon_core.package_discovery[0m [1;30mLevel 1[0m discover_packages(ignore) using defaults
[13.097s] [34mcolcon.colcon_core.package_discovery[0m [1;30mLevel 1[0m discover_packages(path) discover
[13.097s] [34mcolcon.colcon_core.package_discovery[0m [1;30mLevel 1[0m discover_packages(path) using defaults
[13.770s] [34mcolcon.colcon_core.package_selection[0m [1;30mINFO[0m Skipping not selected package 'joystick_pub' in 'src/joystick_pub'
[13.902s] [34mcolcon.colcon_core.package_selection[0m [1;30mINFO[0m Skipping not selected package 'witmotion_ros' in 'src/witmotion_ros'
[14.293s] [34mcolcon.colcon_core.package_discovery[0m [1;30mLevel 1[0m discover_packages(prefix_path) check parameters
[14.294s] [34mcolcon.colcon_core.package_discovery[0m [1;30mLevel 1[0m discover_packages(prefix_path) discover
[14.720s] [34mcolcon.colcon_installed_package_information.package_discovery[0m [1;30mDEBUG[0m [32mFound 3 installed packages in /home/aiclub/Desktop/TEL_Robot/install[0m
[14.926s] [34mcolcon.colcon_installed_package_information.package_discovery[0m [1;30mDEBUG[0m [32mFound 279 installed packages in /opt/ros/foxy[0m
[14.934s] [34mcolcon.colcon_core.package_discovery[0m [1;30mLevel 1[0m discover_packages(prefix_path) using defaults
[15.694s] [34mcolcon.colcon_core.verb[0m [1;30mLevel 5[0m set package 'joystick_sub' build argument 'cmake_args' from command line to 'None'
[15.695s] [34mcolcon.colcon_core.verb[0m [1;30mLevel 5[0m set package 'joystick_sub' build argument 'cmake_target' from command line to 'None'
[15.695s] [34mcolcon.colcon_core.verb[0m [1;30mLevel 5[0m set package 'joystick_sub' build argument 'cmake_target_skip_unavailable' from command line to 'False'
[15.695s] [34mcolcon.colcon_core.verb[0m [1;30mLevel 5[0m set package 'joystick_sub' build argument 'cmake_clean_cache' from command line to 'False'
[15.695s] [34mcolcon.colcon_core.verb[0m [1;30mLevel 5[0m set package 'joystick_sub' build argument 'cmake_clean_first' from command line to 'False'
[15.695s] [34mcolcon.colcon_core.verb[0m [1;30mLevel 5[0m set package 'joystick_sub' build argument 'cmake_force_configure' from command line to 'False'
[15.695s] [34mcolcon.colcon_core.verb[0m [1;30mLevel 5[0m set package 'joystick_sub' build argument 'ament_cmake_args' from command line to 'None'
[15.696s] [34mcolcon.colcon_core.verb[0m [1;30mLevel 5[0m set package 'joystick_sub' build argument 'catkin_cmake_args' from command line to 'None'
[15.696s] [34mcolcon.colcon_core.verb[0m [1;30mLevel 5[0m set package 'joystick_sub' build argument 'catkin_skip_building_tests' from command line to 'False'
[15.696s] [34mcolcon.colcon_core.verb[0m [1;30mDEBUG[0m [32mBuilding package 'joystick_sub' with the following arguments: {'ament_cmake_args': None, 'build_base': '/home/aiclub/Desktop/TEL_Robot/build/joystick_sub', 'catkin_cmake_args': None, 'catkin_skip_building_tests': False, 'cmake_args': None, 'cmake_clean_cache': False, 'cmake_clean_first': False, 'cmake_force_configure': False, 'cmake_target': None, 'cmake_target_skip_unavailable': False, 'install_base': '/home/aiclub/Desktop/TEL_Robot/install/joystick_sub', 'merge_install': False, 'path': '/home/aiclub/Desktop/TEL_Robot/src/joystick_sub', 'symlink_install': False, 'test_result_base': None}[0m
[15.893s] [34mcolcon.colcon_core.executor[0m [1;30mINFO[0m Executing jobs using 'parallel' executor
[16.098s] [34mcolcon.colcon_parallel_executor.executor.parallel[0m [1;30mDEBUG[0m [32mrun_until_complete[0m
[16.100s] [34mcolcon.colcon_ros.task.ament_python.build[0m [1;30mINFO[0m Building ROS package in '/home/aiclub/Desktop/TEL_Robot/src/joystick_sub' with build type 'ament_python'
[16.100s] [34mcolcon.colcon_core.shell[0m [1;30mLevel 1[0m create_environment_hook('joystick_sub', 'ament_prefix_path')
[16.315s] [34mcolcon.colcon_core.plugin_system[0m [1;30mINFO[0m Skipping extension 'colcon_core.shell.bat': Not used on non-Windows systems
[16.316s] [34mcolcon.colcon_core.shell[0m [1;30mINFO[0m Creating environment hook '/home/aiclub/Desktop/TEL_Robot/install/joystick_sub/share/joystick_sub/hook/ament_prefix_path.ps1'
[16.319s] [34mcolcon.colcon_core.shell[0m [1;30mINFO[0m Creating environment descriptor '/home/aiclub/Desktop/TEL_Robot/install/joystick_sub/share/joystick_sub/hook/ament_prefix_path.dsv'
[16.323s] [34mcolcon.colcon_core.shell[0m [1;30mINFO[0m Creating environment hook '/home/aiclub/Desktop/TEL_Robot/install/joystick_sub/share/joystick_sub/hook/ament_prefix_path.sh'
[16.545s] [34mcolcon.colcon_core.shell[0m [1;30mINFO[0m Skip shell extension 'powershell' for command environment: Not usable outside of PowerShell
[16.545s] [34mcolcon.colcon_core.shell[0m [1;30mDEBUG[0m [32mSkip shell extension 'dsv' for command environment[0m
[18.768s] [34mcolcon.colcon_core.task.python.build[0m [1;30mINFO[0m Building Python package in '/home/aiclub/Desktop/TEL_Robot/src/joystick_sub'
[19.124s] [34mcolcon.colcon_core.shell[0m [1;30mINFO[0m Skip shell extension 'powershell' for command environment: Not usable outside of PowerShell
[19.125s] [34mcolcon.colcon_core.shell[0m [1;30mDEBUG[0m [32mSkip shell extension 'dsv' for command environment[0m
[21.995s] [34mcolcon.colcon_core.event_handler.log_command[0m [1;30mDEBUG[0m [32mInvoking command in '/home/aiclub/Desktop/TEL_Robot/src/joystick_sub': PYTHONPATH=/home/aiclub/Desktop/TEL_Robot/build/joystick_sub/prefix_override:/home/aiclub/Desktop/TEL_Robot/install/joystick_sub/lib/python3.8/site-packages:${PYTHONPATH} /usr/bin/python3 setup.py egg_info --egg-base ../../build/joystick_sub build --build-base /home/aiclub/Desktop/TEL_Robot/build/joystick_sub/build install --record /home/aiclub/Desktop/TEL_Robot/build/joystick_sub/install.log --single-version-externally-managed[0m
[23.696s] [34mcolcon.colcon_core.event_handler.log_command[0m [1;30mDEBUG[0m [32mInvoked command in '/home/aiclub/Desktop/TEL_Robot/src/joystick_sub' returned '0': PYTHONPATH=/home/aiclub/Desktop/TEL_Robot/build/joystick_sub/prefix_override:/home/aiclub/Desktop/TEL_Robot/install/joystick_sub/lib/python3.8/site-packages:${PYTHONPATH} /usr/bin/python3 setup.py egg_info --egg-base ../../build/joystick_sub build --build-base /home/aiclub/Desktop/TEL_Robot/build/joystick_sub/build install --record /home/aiclub/Desktop/TEL_Robot/build/joystick_sub/install.log --single-version-externally-managed[0m
[23.975s] [34mcolcon.colcon_core.environment[0m [1;30mLevel 1[0m checking '/home/aiclub/Desktop/TEL_Robot/install/joystick_sub' for CMake module files
[23.977s] [34mcolcon.colcon_core.environment[0m [1;30mLevel 1[0m checking '/home/aiclub/Desktop/TEL_Robot/install/joystick_sub' for CMake config files
[23.985s] [34mcolcon.colcon_core.environment[0m [1;30mLevel 1[0m checking '/home/aiclub/Desktop/TEL_Robot/install/joystick_sub/lib'
[23.986s] [34mcolcon.colcon_core.environment[0m [1;30mLevel 1[0m checking '/home/aiclub/Desktop/TEL_Robot/install/joystick_sub/bin'
[23.986s] [34mcolcon.colcon_core.environment[0m [1;30mLevel 1[0m checking '/home/aiclub/Desktop/TEL_Robot/install/joystick_sub/lib/pkgconfig/joystick_sub.pc'
[23.988s] [34mcolcon.colcon_core.environment[0m [1;30mLevel 1[0m checking '/home/aiclub/Desktop/TEL_Robot/install/joystick_sub/lib/python3.8/site-packages'
[23.989s] [34mcolcon.colcon_core.shell[0m [1;30mLevel 1[0m create_environment_hook('joystick_sub', 'pythonpath')
[24.244s] [34mcolcon.colcon_core.shell[0m [1;30mINFO[0m Creating environment hook '/home/aiclub/Desktop/TEL_Robot/install/joystick_sub/share/joystick_sub/hook/pythonpath.ps1'
[24.247s] [34mcolcon.colcon_core.shell[0m [1;30mINFO[0m Creating environment descriptor '/home/aiclub/Desktop/TEL_Robot/install/joystick_sub/share/joystick_sub/hook/pythonpath.dsv'
[24.252s] [34mcolcon.colcon_core.shell[0m [1;30mINFO[0m Creating environment hook '/home/aiclub/Desktop/TEL_Robot/install/joystick_sub/share/joystick_sub/hook/pythonpath.sh'
[24.254s] [34mcolcon.colcon_core.environment[0m [1;30mLevel 1[0m checking '/home/aiclub/Desktop/TEL_Robot/install/joystick_sub/bin'
[24.255s] [34mcolcon.colcon_core.environment[0m [1;30mLevel 1[0m create_environment_scripts_only(joystick_sub)
[24.467s] [34mcolcon.colcon_core.shell[0m [1;30mINFO[0m Creating package script '/home/aiclub/Desktop/TEL_Robot/install/joystick_sub/share/joystick_sub/package.ps1'
[24.471s] [34mcolcon.colcon_core.shell[0m [1;30mINFO[0m Creating package descriptor '/home/aiclub/Desktop/TEL_Robot/install/joystick_sub/share/joystick_sub/package.dsv'
[24.478s] [34mcolcon.colcon_core.shell[0m [1;30mINFO[0m Creating package script '/home/aiclub/Desktop/TEL_Robot/install/joystick_sub/share/joystick_sub/package.sh'
[24.484s] [34mcolcon.colcon_core.shell[0m [1;30mINFO[0m Creating package script '/home/aiclub/Desktop/TEL_Robot/install/joystick_sub/share/joystick_sub/package.bash'
[24.492s] [34mcolcon.colcon_core.shell[0m [1;30mINFO[0m Creating package script '/home/aiclub/Desktop/TEL_Robot/install/joystick_sub/share/joystick_sub/package.zsh'
[24.496s] [34mcolcon.colcon_core.environment[0m [1;30mLevel 1[0m create_file_with_runtime_dependencies(/home/aiclub/Desktop/TEL_Robot/install/joystick_sub/share/colcon-core/packages/joystick_sub)
[24.498s] [34mcolcon.colcon_parallel_executor.executor.parallel[0m [1;30mDEBUG[0m [32mclosing loop[0m
[24.500s] [34mcolcon.colcon_parallel_executor.executor.parallel[0m [1;30mDEBUG[0m [32mloop closed[0m
[24.501s] [34mcolcon.colcon_parallel_executor.executor.parallel[0m [1;30mDEBUG[0m [32mrun_until_complete finished with '0'[0m
[24.501s] [34mcolcon.colcon_core.event_reactor[0m [1;30mDEBUG[0m [32mjoining thread[0m
[24.734s] [34mcolcon.colcon_core.plugin_system[0m [1;30mINFO[0m Skipping extension 'colcon_notification.desktop_notification.terminal_notifier': Not used on non-Darwin systems
[24.735s] [34mcolcon.colcon_core.plugin_system[0m [1;30mINFO[0m Skipping extension 'colcon_notification.desktop_notification.win32': Not used on non-Windows systems
[24.735s] [34mcolcon.colcon_notification.desktop_notification[0m [1;30mINFO[0m Sending desktop notification using 'notify2'
[24.832s] [34mcolcon.colcon_core.event_reactor[0m [1;30mDEBUG[0m [32mjoined thread[0m
[25.055s] [34mcolcon.colcon_core.shell[0m [1;30mINFO[0m Creating prefix script '/home/aiclub/Desktop/TEL_Robot/install/local_setup.ps1'
[25.060s] [34mcolcon.colcon_core.shell[0m [1;30mINFO[0m Creating prefix util module '/home/aiclub/Desktop/TEL_Robot/install/_local_setup_util_ps1.py'
[25.069s] [34mcolcon.colcon_core.shell[0m [1;30mINFO[0m Creating prefix chain script '/home/aiclub/Desktop/TEL_Robot/install/setup.ps1'
[25.328s] [34mcolcon.colcon_core.shell[0m [1;30mINFO[0m Creating prefix script '/home/aiclub/Desktop/TEL_Robot/install/local_setup.sh'
[25.334s] [34mcolcon.colcon_core.shell[0m [1;30mINFO[0m Creating prefix util module '/home/aiclub/Desktop/TEL_Robot/install/_local_setup_util_sh.py'
[25.336s] [34mcolcon.colcon_core.shell[0m [1;30mINFO[0m Creating prefix chain script '/home/aiclub/Desktop/TEL_Robot/install/setup.sh'
[25.546s] [34mcolcon.colcon_core.shell[0m [1;30mINFO[0m Creating prefix script '/home/aiclub/Desktop/TEL_Robot/install/local_setup.bash'
[25.551s] [34mcolcon.colcon_core.shell[0m [1;30mINFO[0m Creating prefix chain script '/home/aiclub/Desktop/TEL_Robot/install/setup.bash'
[25.768s] [34mcolcon.colcon_core.shell[0m [1;30mINFO[0m Creating prefix script '/home/aiclub/Desktop/TEL_Robot/install/local_setup.zsh'
[25.774s] [34mcolcon.colcon_core.shell[0m [1;30mINFO[0m Creating prefix chain script '/home/aiclub/Desktop/TEL_Robot/install/setup.zsh'
