running egg_info
file joystick_pub.py (for module joystick_pub) not found
file inputs.py (for module inputs) not found
writing manifest file '../../build/joystick_pub/joystick_pub.egg-info/SOURCES.txt'
running build
running build_py
file joystick_pub.py (for module joystick_pub) not found
file inputs.py (for module inputs) not found
copying joystick_pub/inputs.py -> /home/aiclub/Desktop/TEL_Robot/build/joystick_pub/build/lib/joystick_pub
copying joystick_pub/joystick_pub.py -> /home/aiclub/Desktop/TEL_Robot/build/joystick_pub/build/lib/joystick_pub
file joystick_pub.py (for module joystick_pub) not found
file inputs.py (for module inputs) not found
running install
running install_lib
byte-compiling /home/aiclub/Desktop/TEL_Robot/install/joystick_pub/lib/python3.8/site-packages/joystick_pub/inputs.py to inputs.cpython-38.pyc
byte-compiling /home/aiclub/Desktop/TEL_Robot/install/joystick_pub/lib/python3.8/site-packages/joystick_pub/joystick_pub.py to joystick_pub.cpython-38.pyc
running install_data
running install_egg_info
removing '/home/aiclub/Desktop/TEL_Robot/install/joystick_pub/lib/python3.8/site-packages/joystick_pub-0.0.0-py3.8.egg-info' (and everything under it)
Copying ../../build/joystick_pub/joystick_pub.egg-info to /home/aiclub/Desktop/TEL_Robot/install/joystick_pub/lib/python3.8/site-packages/joystick_pub-0.0.0-py3.8.egg-info
running install_scripts
file joystick_pub.py (for module joystick_pub) not found
file inputs.py (for module inputs) not found
writing list of installed files to '/home/aiclub/Desktop/TEL_Robot/build/joystick_pub/install.log'
