[5.349s] Invoking command in '/home/aiclub/Desktop/TEL_Robot/src/joystick_sub': PYTHONPATH=/home/aiclub/Desktop/TEL_Robot/build/joystick_sub/prefix_override:/home/aiclub/Desktop/TEL_Robot/install/joystick_sub/lib/python3.8/site-packages:${PYTHONPATH} /usr/bin/python3 setup.py egg_info --egg-base ../../build/joystick_sub build --build-base /home/aiclub/Desktop/TEL_Robot/build/joystick_sub/build install --record /home/aiclub/Desktop/TEL_Robot/build/joystick_sub/install.log --single-version-externally-managed
[6.706s] running egg_info
[6.746s] writing manifest file '../../build/joystick_sub/joystick_sub.egg-info/SOURCES.txt'
[6.748s] running build
[6.749s] running build_py
[6.750s] copying joystick_sub/gyrosensor.py -> /home/aiclub/Desktop/TEL_Robot/build/joystick_sub/build/lib/joystick_sub
[6.750s] running install
[6.753s] running install_lib
[6.759s] byte-compiling /home/aiclub/Desktop/TEL_Robot/install/joystick_sub/lib/python3.8/site-packages/joystick_sub/gyrosensor.py to gyrosensor.cpython-38.pyc
[6.761s]   File "/home/aiclub/Desktop/TEL_Robot/install/joystick_sub/lib/python3.8/site-packages/joystick_sub/gyrosensor.py", line 29
[6.761s]     print("%10.3f", %self.imu.get_angular_velocity()[2]/100.0)
[6.762s]                     ^
[6.763s] SyntaxError: invalid syntax
[6.763s] 
[6.764s] running install_data
[6.764s] running install_egg_info
[6.772s] removing '/home/aiclub/Desktop/TEL_Robot/install/joystick_sub/lib/python3.8/site-packages/joystick_sub-0.0.0-py3.8.egg-info' (and everything under it)
[6.774s] Copying ../../build/joystick_sub/joystick_sub.egg-info to /home/aiclub/Desktop/TEL_Robot/install/joystick_sub/lib/python3.8/site-packages/joystick_sub-0.0.0-py3.8.egg-info
[6.780s] running install_scripts
[6.896s] writing list of installed files to '/home/aiclub/Desktop/TEL_Robot/build/joystick_sub/install.log'
[6.991s] Invoked command in '/home/aiclub/Desktop/TEL_Robot/src/joystick_sub' returned '0': PYTHONPATH=/home/aiclub/Desktop/TEL_Robot/build/joystick_sub/prefix_override:/home/aiclub/Desktop/TEL_Robot/install/joystick_sub/lib/python3.8/site-packages:${PYTHONPATH} /usr/bin/python3 setup.py egg_info --egg-base ../../build/joystick_sub build --build-base /home/aiclub/Desktop/TEL_Robot/build/joystick_sub/build install --record /home/aiclub/Desktop/TEL_Robot/build/joystick_sub/install.log --single-version-externally-managed
