[12.046s] [34mcolcon[0m [1;30mDEBUG[0m [32mCommand line arguments: ['/usr/bin/colcon', 'build', '--packages-select', 'joystick_sub', 'joystick_sub'][0m
[12.047s] [34mcolcon[0m [1;30mDEBUG[0m [32mParsed command line arguments: Namespace(allow_overriding=[], ament_cmake_args=None, base_paths=['.'], build_base='build', catkin_cmake_args=None, catkin_skip_building_tests=False, cmake_args=None, cmake_clean_cache=False, cmake_clean_first=False, cmake_force_configure=False, cmake_target=None, cmake_target_skip_unavailable=False, continue_on_error=False, event_handlers=None, executor='parallel', ignore_user_meta=False, install_base='install', log_base=None, log_level=None, main=<bound method BuildVerb.main of <colcon_core.verb.build.BuildVerb object at 0xffff9dab1c40>>, merge_install=False, metas=['./colcon.meta'], packages_above=None, packages_above_and_dependencies=None, packages_above_depth=None, packages_end=None, packages_ignore=None, packages_ignore_regex=None, packages_select=['joystick_sub', 'joystick_sub'], packages_select_build_failed=False, packages_select_by_dep=None, packages_select_regex=None, packages_select_test_failures=False, packages_skip=None, packages_skip_build_finished=False, packages_skip_by_dep=None, packages_skip_regex=None, packages_skip_test_passed=False, packages_skip_up_to=None, packages_start=None, packages_up_to=None, packages_up_to_regex=None, parallel_workers=6, paths=None, symlink_install=False, test_result_base=None, verb_extension=<colcon_core.verb.build.BuildVerb object at 0xffff9dab1c40>, verb_name='build', verb_parser=<colcon_defaults.argument_parser.defaults.DefaultArgumentsDecorator object at 0xffff9dab9dc0>)[0m
[12.560s] [34mcolcon.colcon_core.package_discovery[0m [1;30mLevel 1[0m discover_packages(colcon_meta) check parameters
[12.561s] [34mcolcon.colcon_core.package_discovery[0m [1;30mLevel 1[0m discover_packages(recursive) check parameters
[12.562s] [34mcolcon.colcon_core.package_discovery[0m [1;30mLevel 1[0m discover_packages(ignore) check parameters
[12.562s] [34mcolcon.colcon_core.package_discovery[0m [1;30mLevel 1[0m discover_packages(path) check parameters
[12.562s] [34mcolcon.colcon_core.package_discovery[0m [1;30mLevel 1[0m discover_packages(colcon_meta) discover
[12.563s] [34mcolcon.colcon_core.package_discovery[0m [1;30mLevel 1[0m discover_packages(recursive) discover
[12.563s] [34mcolcon.colcon_core.package_discovery[0m [1;30mINFO[0m Crawling recursively for packages in '/home/aiclub/Desktop/TEL_Robot'
[12.563s] [34mcolcon.colcon_core.package_identification[0m [1;30mLevel 1[0m _identify(.) by extensions ['ignore', 'ignore_ament_install']
[12.564s] [34mcolcon.colcon_core.package_identification[0m [1;30mLevel 1[0m _identify(.) by extension 'ignore'
[12.564s] [34mcolcon.colcon_core.package_identification[0m [1;30mLevel 1[0m _identify(.) by extension 'ignore_ament_install'
[12.565s] [34mcolcon.colcon_core.package_identification[0m [1;30mLevel 1[0m _identify(.) by extensions ['colcon_pkg']
[12.565s] [34mcolcon.colcon_core.package_identification[0m [1;30mLevel 1[0m _identify(.) by extension 'colcon_pkg'
[12.566s] [34mcolcon.colcon_core.package_identification[0m [1;30mLevel 1[0m _identify(.) by extensions ['colcon_meta']
[12.567s] [34mcolcon.colcon_core.package_identification[0m [1;30mLevel 1[0m _identify(.) by extension 'colcon_meta'
[12.567s] [34mcolcon.colcon_core.package_identification[0m [1;30mLevel 1[0m _identify(.) by extensions ['ros']
[12.568s] [34mcolcon.colcon_core.package_identification[0m [1;30mLevel 1[0m _identify(.) by extension 'ros'
[12.644s] [34mcolcon.colcon_core.package_identification[0m [1;30mLevel 1[0m _identify(.) by extensions ['cmake', 'python']
[12.645s] [34mcolcon.colcon_core.package_identification[0m [1;30mLevel 1[0m _identify(.) by extension 'cmake'
[12.645s] [34mcolcon.colcon_core.package_identification[0m [1;30mLevel 1[0m _identify(.) by extension 'python'
[12.645s] [34mcolcon.colcon_core.package_identification[0m [1;30mLevel 1[0m _identify(.) by extensions ['python_setup_py']
[12.646s] [34mcolcon.colcon_core.package_identification[0m [1;30mLevel 1[0m _identify(.) by extension 'python_setup_py'
[12.647s] [34mcolcon.colcon_core.package_identification[0m [1;30mLevel 1[0m _identify(build) by extensions ['ignore', 'ignore_ament_install']
[12.647s] [34mcolcon.colcon_core.package_identification[0m [1;30mLevel 1[0m _identify(build) by extension 'ignore'
[12.647s] [34mcolcon.colcon_core.package_identification[0m [1;30mLevel 1[0m _identify(build) ignored
[12.648s] [34mcolcon.colcon_core.package_identification[0m [1;30mLevel 1[0m _identify(install) by extensions ['ignore', 'ignore_ament_install']
[12.649s] [34mcolcon.colcon_core.package_identification[0m [1;30mLevel 1[0m _identify(install) by extension 'ignore'
[12.649s] [34mcolcon.colcon_core.package_identification[0m [1;30mLevel 1[0m _identify(install) ignored
[12.651s] [34mcolcon.colcon_core.package_identification[0m [1;30mLevel 1[0m _identify(log) by extensions ['ignore', 'ignore_ament_install']
[12.651s] [34mcolcon.colcon_core.package_identification[0m [1;30mLevel 1[0m _identify(log) by extension 'ignore'
[12.652s] [34mcolcon.colcon_core.package_identification[0m [1;30mLevel 1[0m _identify(log) ignored
[12.652s] [34mcolcon.colcon_core.package_identification[0m [1;30mLevel 1[0m _identify(src) by extensions ['ignore', 'ignore_ament_install']
[12.653s] [34mcolcon.colcon_core.package_identification[0m [1;30mLevel 1[0m _identify(src) by extension 'ignore'
[12.653s] [34mcolcon.colcon_core.package_identification[0m [1;30mLevel 1[0m _identify(src) by extension 'ignore_ament_install'
[12.653s] [34mcolcon.colcon_core.package_identification[0m [1;30mLevel 1[0m _identify(src) by extensions ['colcon_pkg']
[12.653s] [34mcolcon.colcon_core.package_identification[0m [1;30mLevel 1[0m _identify(src) by extension 'colcon_pkg'
[12.654s] [34mcolcon.colcon_core.package_identification[0m [1;30mLevel 1[0m _identify(src) by extensions ['colcon_meta']
[12.654s] [34mcolcon.colcon_core.package_identification[0m [1;30mLevel 1[0m _identify(src) by extension 'colcon_meta'
[12.654s] [34mcolcon.colcon_core.package_identification[0m [1;30mLevel 1[0m _identify(src) by extensions ['ros']
[12.654s] [34mcolcon.colcon_core.package_identification[0m [1;30mLevel 1[0m _identify(src) by extension 'ros'
[12.655s] [34mcolcon.colcon_core.package_identification[0m [1;30mLevel 1[0m _identify(src) by extensions ['cmake', 'python']
[12.655s] [34mcolcon.colcon_core.package_identification[0m [1;30mLevel 1[0m _identify(src) by extension 'cmake'
[12.655s] [34mcolcon.colcon_core.package_identification[0m [1;30mLevel 1[0m _identify(src) by extension 'python'
[12.655s] [34mcolcon.colcon_core.package_identification[0m [1;30mLevel 1[0m _identify(src) by extensions ['python_setup_py']
[12.656s] [34mcolcon.colcon_core.package_identification[0m [1;30mLevel 1[0m _identify(src) by extension 'python_setup_py'
[12.656s] [34mcolcon.colcon_core.package_identification[0m [1;30mLevel 1[0m _identify(src/joystick_pub) by extensions ['ignore', 'ignore_ament_install']
[12.657s] [34mcolcon.colcon_core.package_identification[0m [1;30mLevel 1[0m _identify(src/joystick_pub) by extension 'ignore'
[12.657s] [34mcolcon.colcon_core.package_identification[0m [1;30mLevel 1[0m _identify(src/joystick_pub) by extension 'ignore_ament_install'
[12.657s] [34mcolcon.colcon_core.package_identification[0m [1;30mLevel 1[0m _identify(src/joystick_pub) by extensions ['colcon_pkg']
[12.658s] [34mcolcon.colcon_core.package_identification[0m [1;30mLevel 1[0m _identify(src/joystick_pub) by extension 'colcon_pkg'
[12.658s] [34mcolcon.colcon_core.package_identification[0m [1;30mLevel 1[0m _identify(src/joystick_pub) by extensions ['colcon_meta']
[12.658s] [34mcolcon.colcon_core.package_identification[0m [1;30mLevel 1[0m _identify(src/joystick_pub) by extension 'colcon_meta'
[12.658s] [34mcolcon.colcon_core.package_identification[0m [1;30mLevel 1[0m _identify(src/joystick_pub) by extensions ['ros']
[12.658s] [34mcolcon.colcon_core.package_identification[0m [1;30mLevel 1[0m _identify(src/joystick_pub) by extension 'ros'
[12.676s] [34mcolcon.colcon_core.package_identification[0m [1;30mDEBUG[0m [32mPackage 'src/joystick_pub' with type 'ros.ament_python' and name 'joystick_pub'[0m
[12.677s] [34mcolcon.colcon_core.package_identification[0m [1;30mLevel 1[0m _identify(src/joystick_sub) by extensions ['ignore', 'ignore_ament_install']
[12.678s] [34mcolcon.colcon_core.package_identification[0m [1;30mLevel 1[0m _identify(src/joystick_sub) by extension 'ignore'
[12.679s] [34mcolcon.colcon_core.package_identification[0m [1;30mLevel 1[0m _identify(src/joystick_sub) by extension 'ignore_ament_install'
[12.679s] [34mcolcon.colcon_core.package_identification[0m [1;30mLevel 1[0m _identify(src/joystick_sub) by extensions ['colcon_pkg']
[12.679s] [34mcolcon.colcon_core.package_identification[0m [1;30mLevel 1[0m _identify(src/joystick_sub) by extension 'colcon_pkg'
[12.679s] [34mcolcon.colcon_core.package_identification[0m [1;30mLevel 1[0m _identify(src/joystick_sub) by extensions ['colcon_meta']
[12.680s] [34mcolcon.colcon_core.package_identification[0m [1;30mLevel 1[0m _identify(src/joystick_sub) by extension 'colcon_meta'
[12.680s] [34mcolcon.colcon_core.package_identification[0m [1;30mLevel 1[0m _identify(src/joystick_sub) by extensions ['ros']
[12.680s] [34mcolcon.colcon_core.package_identification[0m [1;30mLevel 1[0m _identify(src/joystick_sub) by extension 'ros'
[12.683s] [34mcolcon.colcon_core.package_identification[0m [1;30mDEBUG[0m [32mPackage 'src/joystick_sub' with type 'ros.ament_python' and name 'joystick_sub'[0m
[12.684s] [34mcolcon.colcon_core.package_identification[0m [1;30mLevel 1[0m _identify(src/witmotion_ros) by extensions ['ignore', 'ignore_ament_install']
[12.684s] [34mcolcon.colcon_core.package_identification[0m [1;30mLevel 1[0m _identify(src/witmotion_ros) by extension 'ignore'
[12.685s] [34mcolcon.colcon_core.package_identification[0m [1;30mLevel 1[0m _identify(src/witmotion_ros) by extension 'ignore_ament_install'
[12.685s] [34mcolcon.colcon_core.package_identification[0m [1;30mLevel 1[0m _identify(src/witmotion_ros) by extensions ['colcon_pkg']
[12.685s] [34mcolcon.colcon_core.package_identification[0m [1;30mLevel 1[0m _identify(src/witmotion_ros) by extension 'colcon_pkg'
[12.685s] [34mcolcon.colcon_core.package_identification[0m [1;30mLevel 1[0m _identify(src/witmotion_ros) by extensions ['colcon_meta']
[12.685s] [34mcolcon.colcon_core.package_identification[0m [1;30mLevel 1[0m _identify(src/witmotion_ros) by extension 'colcon_meta'
[12.686s] [34mcolcon.colcon_core.package_identification[0m [1;30mLevel 1[0m _identify(src/witmotion_ros) by extensions ['ros']
[12.686s] [34mcolcon.colcon_core.package_identification[0m [1;30mLevel 1[0m _identify(src/witmotion_ros) by extension 'ros'
[12.688s] [34mcolcon.colcon_core.package_identification[0m [1;30mDEBUG[0m [32mPackage 'src/witmotion_ros' with type 'ros.ament_cmake' and name 'witmotion_ros'[0m
[12.689s] [34mcolcon.colcon_core.package_discovery[0m [1;30mLevel 1[0m discover_packages(recursive) using defaults
[12.689s] [34mcolcon.colcon_core.package_discovery[0m [1;30mLevel 1[0m discover_packages(ignore) discover
[12.689s] [34mcolcon.colcon_core.package_discovery[0m [1;30mLevel 1[0m discover_packages(ignore) using defaults
[12.689s] [34mcolcon.colcon_core.package_discovery[0m [1;30mLevel 1[0m discover_packages(path) discover
[12.689s] [34mcolcon.colcon_core.package_discovery[0m [1;30mLevel 1[0m discover_packages(path) using defaults
[13.470s] [34mcolcon.colcon_core.package_selection[0m [1;30mINFO[0m Skipping not selected package 'joystick_pub' in 'src/joystick_pub'
[13.471s] [34mcolcon.colcon_core.package_selection[0m [1;30mINFO[0m Skipping not selected package 'witmotion_ros' in 'src/witmotion_ros'
[13.931s] [34mcolcon.colcon_core.package_discovery[0m [1;30mLevel 1[0m discover_packages(prefix_path) check parameters
[13.931s] [34mcolcon.colcon_core.package_discovery[0m [1;30mLevel 1[0m discover_packages(prefix_path) discover
[14.416s] [34mcolcon.colcon_installed_package_information.package_discovery[0m [1;30mDEBUG[0m [32mFound 3 installed packages in /home/aiclub/Desktop/TEL_Robot/install[0m
[14.627s] [34mcolcon.colcon_installed_package_information.package_discovery[0m [1;30mDEBUG[0m [32mFound 279 installed packages in /opt/ros/foxy[0m
[14.635s] [34mcolcon.colcon_core.package_discovery[0m [1;30mLevel 1[0m discover_packages(prefix_path) using defaults
[15.413s] [34mcolcon.colcon_core.verb[0m [1;30mLevel 5[0m set package 'joystick_sub' build argument 'cmake_args' from command line to 'None'
[15.414s] [34mcolcon.colcon_core.verb[0m [1;30mLevel 5[0m set package 'joystick_sub' build argument 'cmake_target' from command line to 'None'
[15.414s] [34mcolcon.colcon_core.verb[0m [1;30mLevel 5[0m set package 'joystick_sub' build argument 'cmake_target_skip_unavailable' from command line to 'False'
[15.414s] [34mcolcon.colcon_core.verb[0m [1;30mLevel 5[0m set package 'joystick_sub' build argument 'cmake_clean_cache' from command line to 'False'
[15.415s] [34mcolcon.colcon_core.verb[0m [1;30mLevel 5[0m set package 'joystick_sub' build argument 'cmake_clean_first' from command line to 'False'
[15.415s] [34mcolcon.colcon_core.verb[0m [1;30mLevel 5[0m set package 'joystick_sub' build argument 'cmake_force_configure' from command line to 'False'
[15.415s] [34mcolcon.colcon_core.verb[0m [1;30mLevel 5[0m set package 'joystick_sub' build argument 'ament_cmake_args' from command line to 'None'
[15.415s] [34mcolcon.colcon_core.verb[0m [1;30mLevel 5[0m set package 'joystick_sub' build argument 'catkin_cmake_args' from command line to 'None'
[15.415s] [34mcolcon.colcon_core.verb[0m [1;30mLevel 5[0m set package 'joystick_sub' build argument 'catkin_skip_building_tests' from command line to 'False'
[15.416s] [34mcolcon.colcon_core.verb[0m [1;30mDEBUG[0m [32mBuilding package 'joystick_sub' with the following arguments: {'ament_cmake_args': None, 'build_base': '/home/aiclub/Desktop/TEL_Robot/build/joystick_sub', 'catkin_cmake_args': None, 'catkin_skip_building_tests': False, 'cmake_args': None, 'cmake_clean_cache': False, 'cmake_clean_first': False, 'cmake_force_configure': False, 'cmake_target': None, 'cmake_target_skip_unavailable': False, 'install_base': '/home/aiclub/Desktop/TEL_Robot/install/joystick_sub', 'merge_install': False, 'path': '/home/aiclub/Desktop/TEL_Robot/src/joystick_sub', 'symlink_install': False, 'test_result_base': None}[0m
[15.620s] [34mcolcon.colcon_core.executor[0m [1;30mINFO[0m Executing jobs using 'parallel' executor
[15.826s] [34mcolcon.colcon_parallel_executor.executor.parallel[0m [1;30mDEBUG[0m [32mrun_until_complete[0m
[15.828s] [34mcolcon.colcon_ros.task.ament_python.build[0m [1;30mINFO[0m Building ROS package in '/home/aiclub/Desktop/TEL_Robot/src/joystick_sub' with build type 'ament_python'
[15.829s] [34mcolcon.colcon_core.shell[0m [1;30mLevel 1[0m create_environment_hook('joystick_sub', 'ament_prefix_path')
[16.042s] [34mcolcon.colcon_core.plugin_system[0m [1;30mINFO[0m Skipping extension 'colcon_core.shell.bat': Not used on non-Windows systems
[16.043s] [34mcolcon.colcon_core.shell[0m [1;30mINFO[0m Creating environment hook '/home/aiclub/Desktop/TEL_Robot/install/joystick_sub/share/joystick_sub/hook/ament_prefix_path.ps1'
[16.047s] [34mcolcon.colcon_core.shell[0m [1;30mINFO[0m Creating environment descriptor '/home/aiclub/Desktop/TEL_Robot/install/joystick_sub/share/joystick_sub/hook/ament_prefix_path.dsv'
[16.054s] [34mcolcon.colcon_core.shell[0m [1;30mINFO[0m Creating environment hook '/home/aiclub/Desktop/TEL_Robot/install/joystick_sub/share/joystick_sub/hook/ament_prefix_path.sh'
[16.313s] [34mcolcon.colcon_core.shell[0m [1;30mINFO[0m Skip shell extension 'powershell' for command environment: Not usable outside of PowerShell
[16.314s] [34mcolcon.colcon_core.shell[0m [1;30mDEBUG[0m [32mSkip shell extension 'dsv' for command environment[0m
[18.719s] [34mcolcon.colcon_core.task.python.build[0m [1;30mINFO[0m Building Python package in '/home/aiclub/Desktop/TEL_Robot/src/joystick_sub'
[18.957s] [34mcolcon.colcon_core.shell[0m [1;30mINFO[0m Skip shell extension 'powershell' for command environment: Not usable outside of PowerShell
[18.957s] [34mcolcon.colcon_core.shell[0m [1;30mDEBUG[0m [32mSkip shell extension 'dsv' for command environment[0m
[21.918s] [34mcolcon.colcon_core.event_handler.log_command[0m [1;30mDEBUG[0m [32mInvoking command in '/home/aiclub/Desktop/TEL_Robot/src/joystick_sub': PYTHONPATH=/home/aiclub/Desktop/TEL_Robot/build/joystick_sub/prefix_override:/home/aiclub/Desktop/TEL_Robot/install/joystick_sub/lib/python3.8/site-packages:${PYTHONPATH} /usr/bin/python3 setup.py egg_info --egg-base ../../build/joystick_sub build --build-base /home/aiclub/Desktop/TEL_Robot/build/joystick_sub/build install --record /home/aiclub/Desktop/TEL_Robot/build/joystick_sub/install.log --single-version-externally-managed[0m
[23.861s] [34mcolcon.colcon_core.event_handler.log_command[0m [1;30mDEBUG[0m [32mInvoked command in '/home/aiclub/Desktop/TEL_Robot/src/joystick_sub' returned '0': PYTHONPATH=/home/aiclub/Desktop/TEL_Robot/build/joystick_sub/prefix_override:/home/aiclub/Desktop/TEL_Robot/install/joystick_sub/lib/python3.8/site-packages:${PYTHONPATH} /usr/bin/python3 setup.py egg_info --egg-base ../../build/joystick_sub build --build-base /home/aiclub/Desktop/TEL_Robot/build/joystick_sub/build install --record /home/aiclub/Desktop/TEL_Robot/build/joystick_sub/install.log --single-version-externally-managed[0m
[24.095s] [34mcolcon.colcon_core.environment[0m [1;30mLevel 1[0m checking '/home/aiclub/Desktop/TEL_Robot/install/joystick_sub' for CMake module files
[24.098s] [34mcolcon.colcon_core.environment[0m [1;30mLevel 1[0m checking '/home/aiclub/Desktop/TEL_Robot/install/joystick_sub' for CMake config files
[24.103s] [34mcolcon.colcon_core.environment[0m [1;30mLevel 1[0m checking '/home/aiclub/Desktop/TEL_Robot/install/joystick_sub/lib'
[24.104s] [34mcolcon.colcon_core.environment[0m [1;30mLevel 1[0m checking '/home/aiclub/Desktop/TEL_Robot/install/joystick_sub/bin'
[24.104s] [34mcolcon.colcon_core.environment[0m [1;30mLevel 1[0m checking '/home/aiclub/Desktop/TEL_Robot/install/joystick_sub/lib/pkgconfig/joystick_sub.pc'
[24.106s] [34mcolcon.colcon_core.environment[0m [1;30mLevel 1[0m checking '/home/aiclub/Desktop/TEL_Robot/install/joystick_sub/lib/python3.8/site-packages'
[24.107s] [34mcolcon.colcon_core.shell[0m [1;30mLevel 1[0m create_environment_hook('joystick_sub', 'pythonpath')
[24.321s] [34mcolcon.colcon_core.shell[0m [1;30mINFO[0m Creating environment hook '/home/aiclub/Desktop/TEL_Robot/install/joystick_sub/share/joystick_sub/hook/pythonpath.ps1'
[24.325s] [34mcolcon.colcon_core.shell[0m [1;30mINFO[0m Creating environment descriptor '/home/aiclub/Desktop/TEL_Robot/install/joystick_sub/share/joystick_sub/hook/pythonpath.dsv'
[24.331s] [34mcolcon.colcon_core.shell[0m [1;30mINFO[0m Creating environment hook '/home/aiclub/Desktop/TEL_Robot/install/joystick_sub/share/joystick_sub/hook/pythonpath.sh'
[24.336s] [34mcolcon.colcon_core.environment[0m [1;30mLevel 1[0m checking '/home/aiclub/Desktop/TEL_Robot/install/joystick_sub/bin'
[24.338s] [34mcolcon.colcon_core.environment[0m [1;30mLevel 1[0m create_environment_scripts_only(joystick_sub)
[24.562s] [34mcolcon.colcon_core.shell[0m [1;30mINFO[0m Creating package script '/home/aiclub/Desktop/TEL_Robot/install/joystick_sub/share/joystick_sub/package.ps1'
[24.567s] [34mcolcon.colcon_core.shell[0m [1;30mINFO[0m Creating package descriptor '/home/aiclub/Desktop/TEL_Robot/install/joystick_sub/share/joystick_sub/package.dsv'
[24.573s] [34mcolcon.colcon_core.shell[0m [1;30mINFO[0m Creating package script '/home/aiclub/Desktop/TEL_Robot/install/joystick_sub/share/joystick_sub/package.sh'
[24.577s] [34mcolcon.colcon_core.shell[0m [1;30mINFO[0m Creating package script '/home/aiclub/Desktop/TEL_Robot/install/joystick_sub/share/joystick_sub/package.bash'
[24.582s] [34mcolcon.colcon_core.shell[0m [1;30mINFO[0m Creating package script '/home/aiclub/Desktop/TEL_Robot/install/joystick_sub/share/joystick_sub/package.zsh'
[24.587s] [34mcolcon.colcon_core.environment[0m [1;30mLevel 1[0m create_file_with_runtime_dependencies(/home/aiclub/Desktop/TEL_Robot/install/joystick_sub/share/colcon-core/packages/joystick_sub)
[24.589s] [34mcolcon.colcon_parallel_executor.executor.parallel[0m [1;30mDEBUG[0m [32mclosing loop[0m
[24.593s] [34mcolcon.colcon_parallel_executor.executor.parallel[0m [1;30mDEBUG[0m [32mloop closed[0m
[24.594s] [34mcolcon.colcon_parallel_executor.executor.parallel[0m [1;30mDEBUG[0m [32mrun_until_complete finished with '0'[0m
[24.595s] [34mcolcon.colcon_core.event_reactor[0m [1;30mDEBUG[0m [32mjoining thread[0m
[24.850s] [34mcolcon.colcon_core.plugin_system[0m [1;30mINFO[0m Skipping extension 'colcon_notification.desktop_notification.terminal_notifier': Not used on non-Darwin systems
[24.851s] [34mcolcon.colcon_core.plugin_system[0m [1;30mINFO[0m Skipping extension 'colcon_notification.desktop_notification.win32': Not used on non-Windows systems
[24.851s] [34mcolcon.colcon_notification.desktop_notification[0m [1;30mINFO[0m Sending desktop notification using 'notify2'
[24.941s] [34mcolcon.colcon_core.event_reactor[0m [1;30mDEBUG[0m [32mjoined thread[0m
[25.167s] [34mcolcon.colcon_core.shell[0m [1;30mINFO[0m Creating prefix script '/home/aiclub/Desktop/TEL_Robot/install/local_setup.ps1'
[25.172s] [34mcolcon.colcon_core.shell[0m [1;30mINFO[0m Creating prefix util module '/home/aiclub/Desktop/TEL_Robot/install/_local_setup_util_ps1.py'
[25.180s] [34mcolcon.colcon_core.shell[0m [1;30mINFO[0m Creating prefix chain script '/home/aiclub/Desktop/TEL_Robot/install/setup.ps1'
[25.408s] [34mcolcon.colcon_core.shell[0m [1;30mINFO[0m Creating prefix script '/home/aiclub/Desktop/TEL_Robot/install/local_setup.sh'
[25.413s] [34mcolcon.colcon_core.shell[0m [1;30mINFO[0m Creating prefix util module '/home/aiclub/Desktop/TEL_Robot/install/_local_setup_util_sh.py'
[25.417s] [34mcolcon.colcon_core.shell[0m [1;30mINFO[0m Creating prefix chain script '/home/aiclub/Desktop/TEL_Robot/install/setup.sh'
[25.676s] [34mcolcon.colcon_core.shell[0m [1;30mINFO[0m Creating prefix script '/home/aiclub/Desktop/TEL_Robot/install/local_setup.bash'
[25.682s] [34mcolcon.colcon_core.shell[0m [1;30mINFO[0m Creating prefix chain script '/home/aiclub/Desktop/TEL_Robot/install/setup.bash'
[25.906s] [34mcolcon.colcon_core.shell[0m [1;30mINFO[0m Creating prefix script '/home/aiclub/Desktop/TEL_Robot/install/local_setup.zsh'
[25.913s] [34mcolcon.colcon_core.shell[0m [1;30mINFO[0m Creating prefix chain script '/home/aiclub/Desktop/TEL_Robot/install/setup.zsh'
